<!DOCTYPE html>
<html>
  <head>
    <meta charset="utf-8"/>
    <title>Test Report</title>
    <link href="assets/style.css" rel="stylesheet" type="text/css"/></head>
  <body onLoad="init()">
    <script>/* This Source Code Form is subject to the terms of the Mozilla Public
 * License, v. 2.0. If a copy of the MPL was not distributed with this file,
 * You can obtain one at http://mozilla.org/MPL/2.0/. */


function toArray(iter) {
    if (iter === null) {
        return null;
    }
    return Array.prototype.slice.call(iter);
}

function find(selector, elem) { // eslint-disable-line no-redeclare
    if (!elem) {
        elem = document;
    }
    return elem.querySelector(selector);
}

function findAll(selector, elem) {
    if (!elem) {
        elem = document;
    }
    return toArray(elem.querySelectorAll(selector));
}

function sortColumn(elem) {
    toggleSortStates(elem);
    const colIndex = toArray(elem.parentNode.childNodes).indexOf(elem);
    let key;
    if (elem.classList.contains('result')) {
        key = keyResult;
    } else if (elem.classList.contains('links')) {
        key = keyLink;
    } else {
        key = keyAlpha;
    }
    sortTable(elem, key(colIndex));
}

function showAllExtras() { // eslint-disable-line no-unused-vars
    findAll('.col-result').forEach(showExtras);
}

function hideAllExtras() { // eslint-disable-line no-unused-vars
    findAll('.col-result').forEach(hideExtras);
}

function showExtras(colresultElem) {
    const extras = colresultElem.parentNode.nextElementSibling;
    const expandcollapse = colresultElem.firstElementChild;
    extras.classList.remove('collapsed');
    expandcollapse.classList.remove('expander');
    expandcollapse.classList.add('collapser');
}

function hideExtras(colresultElem) {
    const extras = colresultElem.parentNode.nextElementSibling;
    const expandcollapse = colresultElem.firstElementChild;
    extras.classList.add('collapsed');
    expandcollapse.classList.remove('collapser');
    expandcollapse.classList.add('expander');
}

function showFilters() {
    const filterItems = document.getElementsByClassName('filter');
    for (let i = 0; i < filterItems.length; i++)
        filterItems[i].hidden = false;
}

function addCollapse() {
    // Add links for show/hide all
    const resulttable = find('table#results-table');
    const showhideall = document.createElement('p');
    showhideall.innerHTML = '<a href="javascript:showAllExtras()">Show all details</a> / ' +
                            '<a href="javascript:hideAllExtras()">Hide all details</a>';
    resulttable.parentElement.insertBefore(showhideall, resulttable);

    // Add show/hide link to each result
    findAll('.col-result').forEach(function(elem) {
        const collapsed = getQueryParameter('collapsed') || 'Passed';
        const extras = elem.parentNode.nextElementSibling;
        const expandcollapse = document.createElement('span');
        if (extras.classList.contains('collapsed')) {
            expandcollapse.classList.add('expander');
        } else if (collapsed.includes(elem.innerHTML)) {
            extras.classList.add('collapsed');
            expandcollapse.classList.add('expander');
        } else {
            expandcollapse.classList.add('collapser');
        }
        elem.appendChild(expandcollapse);

        elem.addEventListener('click', function(event) {
            if (event.currentTarget.parentNode.nextElementSibling.classList.contains('collapsed')) {
                showExtras(event.currentTarget);
            } else {
                hideExtras(event.currentTarget);
            }
        });
    });
}

function getQueryParameter(name) {
    const match = RegExp('[?&]' + name + '=([^&]*)').exec(window.location.search);
    return match && decodeURIComponent(match[1].replace(/\+/g, ' '));
}

function init () { // eslint-disable-line no-unused-vars
    resetSortHeaders();

    addCollapse();

    showFilters();

    sortColumn(find('.initial-sort'));

    findAll('.sortable').forEach(function(elem) {
        elem.addEventListener('click',
            function() {
                sortColumn(elem);
            }, false);
    });
}

function sortTable(clicked, keyFunc) {
    const rows = findAll('.results-table-row');
    const reversed = !clicked.classList.contains('asc');
    const sortedRows = sort(rows, keyFunc, reversed);
    /* Whole table is removed here because browsers acts much slower
     * when appending existing elements.
     */
    const thead = document.getElementById('results-table-head');
    document.getElementById('results-table').remove();
    const parent = document.createElement('table');
    parent.id = 'results-table';
    parent.appendChild(thead);
    sortedRows.forEach(function(elem) {
        parent.appendChild(elem);
    });
    document.getElementsByTagName('BODY')[0].appendChild(parent);
}

function sort(items, keyFunc, reversed) {
    const sortArray = items.map(function(item, i) {
        return [keyFunc(item), i];
    });

    sortArray.sort(function(a, b) {
        const keyA = a[0];
        const keyB = b[0];

        if (keyA == keyB) return 0;

        if (reversed) {
            return keyA < keyB ? 1 : -1;
        } else {
            return keyA > keyB ? 1 : -1;
        }
    });

    return sortArray.map(function(item) {
        const index = item[1];
        return items[index];
    });
}

function keyAlpha(colIndex) {
    return function(elem) {
        return elem.childNodes[1].childNodes[colIndex].firstChild.data.toLowerCase();
    };
}

function keyLink(colIndex) {
    return function(elem) {
        const dataCell = elem.childNodes[1].childNodes[colIndex].firstChild;
        return dataCell == null ? '' : dataCell.innerText.toLowerCase();
    };
}

function keyResult(colIndex) {
    return function(elem) {
        const strings = ['Error', 'Failed', 'Rerun', 'XFailed', 'XPassed',
            'Skipped', 'Passed'];
        return strings.indexOf(elem.childNodes[1].childNodes[colIndex].firstChild.data);
    };
}

function resetSortHeaders() {
    findAll('.sort-icon').forEach(function(elem) {
        elem.parentNode.removeChild(elem);
    });
    findAll('.sortable').forEach(function(elem) {
        const icon = document.createElement('div');
        icon.className = 'sort-icon';
        icon.textContent = 'vvv';
        elem.insertBefore(icon, elem.firstChild);
        elem.classList.remove('desc', 'active');
        elem.classList.add('asc', 'inactive');
    });
}

function toggleSortStates(elem) {
    //if active, toggle between asc and desc
    if (elem.classList.contains('active')) {
        elem.classList.toggle('asc');
        elem.classList.toggle('desc');
    }

    //if inactive, reset all other functions and add ascending active
    if (elem.classList.contains('inactive')) {
        resetSortHeaders();
        elem.classList.remove('inactive');
        elem.classList.add('active');
    }
}

function isAllRowsHidden(value) {
    return value.hidden == false;
}

function filterTable(elem) { // eslint-disable-line no-unused-vars
    const outcomeAtt = 'data-test-result';
    const outcome = elem.getAttribute(outcomeAtt);
    const classOutcome = outcome + ' results-table-row';
    const outcomeRows = document.getElementsByClassName(classOutcome);

    for(let i = 0; i < outcomeRows.length; i++){
        outcomeRows[i].hidden = !elem.checked;
    }

    const rows = findAll('.results-table-row').filter(isAllRowsHidden);
    const allRowsHidden = rows.length == 0 ? true : false;
    const notFoundMessage = document.getElementById('not-found-message');
    notFoundMessage.hidden = !allRowsHidden;
}
</script>
    <h1>pytest_report.html</h1>
    <p>Report generated on 11-Aug-2022 at 11:18:10 by <a href="https://pypi.python.org/pypi/pytest-html">pytest-html</a> v3.1.1</p>
    <h2>Environment</h2>
    <table id="environment">
      <tr>
        <td>Packages</td>
        <td>{"pluggy": "1.0.0", "py": "1.11.0", "pytest": "7.1.2"}</td></tr>
      <tr>
        <td>Platform</td>
        <td>Linux-5.3.0-1017-aws-x86_64-with-glibc2.31</td></tr>
      <tr>
        <td>Plugins</td>
        <td>{"anyio": "3.6.1", "benchmark": "3.4.1", "cov": "3.0.0", "forked": "1.4.0", "html": "3.1.1", "lazy-fixture": "0.6.3", "metadata": "2.0.2", "mock": "1.10.4", "ordering": "0.6", "timeout": "1.4.2", "typeguard": "2.13.3", "xdist": "2.5.0"}</td></tr>
      <tr>
        <td>Python</td>
        <td>3.10.6</td></tr></table>
    <h2>Summary</h2>
    <p>18 tests ran in 47.88 seconds. </p>
    <p class="filter" hidden="true">(Un)check the boxes to filter the results.</p><input checked="true" class="filter" data-test-result="passed" hidden="true" name="filter_checkbox" onChange="filterTable(this)" type="checkbox"/><span class="passed">13 passed</span>, <input checked="true" class="filter" data-test-result="skipped" hidden="true" name="filter_checkbox" onChange="filterTable(this)" type="checkbox"/><span class="skipped">15 skipped</span>, <input checked="true" class="filter" data-test-result="failed" hidden="true" name="filter_checkbox" onChange="filterTable(this)" type="checkbox"/><span class="failed">5 failed</span>, <input checked="true" class="filter" data-test-result="error" disabled="true" hidden="true" name="filter_checkbox" onChange="filterTable(this)" type="checkbox"/><span class="error">0 errors</span>, <input checked="true" class="filter" data-test-result="xfailed" disabled="true" hidden="true" name="filter_checkbox" onChange="filterTable(this)" type="checkbox"/><span class="xfailed">0 expected failures</span>, <input checked="true" class="filter" data-test-result="xpassed" disabled="true" hidden="true" name="filter_checkbox" onChange="filterTable(this)" type="checkbox"/><span class="xpassed">0 unexpected passes</span>
    <h2>Results</h2>
    <table id="results-table">
      <thead id="results-table-head">
        <tr>
          <th class="sortable result initial-sort" col="result">Result</th>
          <th class="sortable" col="name">Test</th>
          <th class="sortable" col="duration">Duration</th>
          <th class="sortable links" col="links">Links</th></tr>
        <tr hidden="true" id="not-found-message">
          <th colspan="4">No results found. Try to check the filters</th></tr></thead>
      <tbody class="failed results-table-row">
        <tr>
          <td class="col-result">Failed</td>
          <td class="col-name">tests/integration/registration/test_universal_types.py::test_feature_get_historical_features_types_match[TypeTestConfig(feature_dtype=&apos;int32&apos;, feature_is_list=True, has_empty_list=True)-LOCAL:Spark:RedisOnlineStoreCreator:python_fs:False:go_fs:False]</td>
          <td class="col-duration">30.49</td>
          <td class="col-links"></td></tr>
        <tr>
          <td class="extra" colspan="4">
            <div class="log">[gw3] linux -- Python 3.10.6 /usr/local/bin/python<br/>[gw3] linux -- Python 3.10.6 /usr/local/bin/python[gw3] linux -- Python 3.10.6 /usr/local/bin/python<br/><br/>offline_types_test_fixtures = (TypeTestConfig(feature_dtype=&#x27;int32&#x27;, feature_is_list=True, has_empty_list=True), &lt;feast.infra.offline_stores.contrib..._key_map={}), created_timestamp = None, last_updated_timestamp = None, online = True, materialization_intervals = [])&gt;)<br/>environment = Environment(name=&#x27;integration_test_bb3aa3_1&#x27;, test_repo_config=LOCAL:Spark:RedisOnlineStoreCreator:python_fs:False:go_...reator=&lt;tests.integration.feature_repos.universal.online_store.redis.RedisOnlineStoreCreator object at 0x7f8ecbad3310&gt;)<br/><br/>    @pytest.mark.integration<br/>    @pytest.mark.universal_offline_stores<br/>    def test_feature_get_historical_features_types_match(<br/>        offline_types_test_fixtures, environment<br/>    ):<br/>        &quot;&quot;&quot;<br/>        Note: to make sure this test works, we need to ensure that get_historical_features<br/>        returns at least one non-null row to make sure type inferral works. This can only<br/>        be achieved by carefully matching entity_df to the data fixtures.<br/>        &quot;&quot;&quot;<br/>        config, data_source, fv = offline_types_test_fixtures<br/>        fs = environment.feature_store<br/>        entity = driver()<br/>        fv = create_feature_view(<br/>            &quot;get_historical_features_types_match&quot;,<br/>            config.feature_dtype,<br/>            config.feature_is_list,<br/>            config.has_empty_list,<br/>            data_source,<br/>        )<br/>        fs.apply([fv, entity])<br/>    <br/>        entity_df = pd.DataFrame()<br/>        entity_df[&quot;driver_id&quot;] = [1, 3]<br/>        ts = pd.Timestamp(datetime.utcnow()).round(&quot;ms&quot;)<br/>        entity_df[&quot;ts&quot;] = [<br/>            ts - timedelta(hours=4),<br/>            ts - timedelta(hours=2),<br/>        ]<br/>        features = [f&quot;{fv.name}:value&quot;]<br/>    <br/>        historical_features = fs.get_historical_features(<br/>            entity_df=entity_df,<br/>            features=features,<br/>        )<br/>        # Note: Pandas doesn&#x27;t play well with nan values in ints. BQ will also coerce to floats if there are NaNs<br/>        historical_features_df = historical_features.to_df()<br/>        print(historical_features_df)<br/>    <br/>        if config.feature_is_list:<br/>            assert_feature_list_types(<br/>                environment.test_repo_config.provider,<br/>                config.feature_dtype,<br/>                historical_features_df,<br/>            )<br/>        else:<br/>            assert_expected_historical_feature_types(<br/>                config.feature_dtype, historical_features_df<br/>            )<br/>&gt;       assert_expected_arrow_types(<br/>            environment.test_repo_config.provider,<br/>            config.feature_dtype,<br/>            config.feature_is_list,<br/>            historical_features,<br/>        )<br/><br/>sdk/python/tests/integration/registration/test_universal_types.py:127: <br/>_ _ _ _ _ _ _ _ _ _ _ _ _ _ _ _ _ _ _ _ _ _ _ _ _ _ _ _ _ _ _ _ _ _ _ _ _ _ _ _ <br/><br/>provider = &#x27;local&#x27;, feature_dtype = &#x27;int32&#x27;, feature_is_list = True, historical_features = &lt;feast.infra.offline_stores.contrib.spark_offline_store.spark.SparkRetrievalJob object at 0x7f8f7c13f070&gt;<br/><br/>    def assert_expected_arrow_types(<br/>        provider: str,<br/>        feature_dtype: str,<br/>        feature_is_list: bool,<br/>        historical_features: RetrievalJob,<br/>    ):<br/>        print(&quot;Asserting historical feature arrow types&quot;)<br/>        historical_features_arrow = historical_features.to_arrow()<br/>        print(historical_features_arrow)<br/>        feature_list_dtype_to_expected_historical_feature_arrow_type = {<br/>            &quot;int32&quot;: pa.types.is_signed_integer,  # different offline stores could interpret integers differently<br/>            &quot;int64&quot;: pa.types.is_signed_integer,  # eg, Snowflake chooses the smallest possible (like int8)<br/>            &quot;float&quot;: pa.types.is_float64,<br/>            &quot;string&quot;: pa.types.is_string,<br/>            &quot;bool&quot;: pa.types.is_boolean,<br/>            &quot;date&quot;: pa.types.is_date,<br/>            &quot;datetime&quot;: pa.types.is_timestamp,<br/>        }<br/>        arrow_type_checker = feature_list_dtype_to_expected_historical_feature_arrow_type[<br/>            feature_dtype<br/>        ]<br/>        pa_type = historical_features_arrow.schema.field(&quot;value&quot;).type<br/>    <br/>        if feature_is_list:<br/>            assert pa.types.is_list(pa_type)<br/>&gt;           assert arrow_type_checker(pa_type.value_type)<br/><span class="error">E           assert False</span><br/><span class="error">E            +  where False = &lt;function is_signed_integer at 0x7f8f2af11b40&gt;(DataType(null))</span><br/><span class="error">E            +    where DataType(null) = ListType(list&lt;item: null&gt;).value_type</span><br/><br/>sdk/python/tests/integration/registration/test_universal_types.py:306: AssertionError[gw3] linux -- Python 3.10.6 /usr/local/bin/python<br/> -----------------------------Captured stdout setup------------------------------ <br/>22/08/11 11:17:27 WARN NativeCodeLoader: Unable to load native-hadoop library for your platform... using builtin-java classes where applicable
22/08/11 11:17:29 WARN Utils: Service &#x27;SparkUI&#x27; could not bind on port 4040. Attempting port 4041.
<br/> -----------------------------Captured stderr setup------------------------------ <br/>Warning: Ignoring non-Spark config property: master
Setting default log level to &quot;WARN&quot;.
To adjust logging level use sc.setLogLevel(newLevel). For SparkR, use setLogLevel(newLevel).
<br/> ------------------------------Captured stdout call------------------------------ <br/>Using ts as the event timestamp. To specify a column explicitly, please name it event_timestamp.
   driver_id                      ts value
0          1 2022-08-11 07:17:33.167    []
1          3 2022-08-11 09:17:33.167    []
Asserting historical feature list types
Asserting historical feature arrow types
pyarrow.Table
driver_id: int64
ts: timestamp[ns]
value: list&lt;item: null&gt;
  child 0, item: null
----
driver_id: [[1,3]]
ts: [[2022-08-11 07:17:33.167000000,2022-08-11 09:17:33.167000000]]
value: [[0 nulls,0 nulls]]
<br/> ------------------------------Captured stderr call------------------------------ <br/>[Stage 0:&gt;                                                         (0 + 0) / 32][Stage 0:&gt;                 (0 + 0) / 32][Stage 1:&gt;                 (0 + 0) / 32][Stage 0:&gt;  (0 + 32) / 32][Stage 1:&gt;   (0 + 0) / 32][Stage 2:&gt;   (0 + 0) / 32][Stage 0:&gt;  (0 + 32) / 32][Stage 1:&gt;   (0 + 2) / 32][Stage 2:&gt;   (0 + 0) / 32][Stage 0:&gt;  (0 + 32) / 32][Stage 1:&gt;   (0 + 3) / 32][Stage 2:&gt;   (0 + 0) / 32][Stage 0:&gt;  (1 + 31) / 32][Stage 1:&gt;   (0 + 9) / 32][Stage 2:&gt;   (0 + 0) / 32][Stage 0:&gt;  (3 + 29) / 32][Stage 1:&gt;   (0 + 9) / 32][Stage 2:&gt;   (0 + 0) / 32][Stage 0:&gt;  (6 + 26) / 32][Stage 1:&gt;   (0 + 9) / 32][Stage 2:&gt;   (0 + 0) / 32][Stage 0:&gt;  (7 + 25) / 32][Stage 1:&gt;   (0 + 9) / 32][Stage 2:&gt;   (0 + 0) / 32][Stage 0:&gt;  (8 + 24) / 32][Stage 1:&gt;   (0 + 9) / 32][Stage 2:&gt;   (0 + 0) / 32][Stage 0:&gt;  (9 + 23) / 32][Stage 1:&gt;   (0 + 9) / 32][Stage 2:&gt;   (0 + 0) / 32][Stage 1:&gt;  (0 + 32) / 32][Stage 2:&gt;   (0 + 0) / 32][Stage 3:&gt;   (0 + 0) / 32][Stage 2:&gt;  (2 + 30) / 32][Stage 3:&gt;   (0 + 3) / 32][Stage 4:&gt;   (0 + 0) / 32][Stage 2:&gt;  (3 + 29) / 32][Stage 3:&gt;   (0 + 3) / 32][Stage 4:&gt;   (0 + 0) / 32][Stage 2:&gt;  (4 + 28) / 32][Stage 3:&gt;   (0 + 4) / 32][Stage 4:&gt;   (0 + 0) / 32][Stage 2:&gt;  (6 + 26) / 32][Stage 3:&gt;  (0 + 14) / 32][Stage 4:&gt;   (0 + 0) / 32][Stage 2:=&gt;(18 + 14) / 32][Stage 3:&gt;  (0 + 18) / 32][Stage 4:&gt;   (0 + 0) / 32]                                                                                [Stage 20:&gt;                                                       (0 + 32) / 32][Stage 20:&gt;               (0 + 32) / 32][Stage 21:&gt;                (0 + 0) / 32][Stage 20:&gt; (0 + 32) / 32][Stage 21:&gt;  (0 + 0) / 32][Stage 22:&gt;  (0 + 0) / 32][Stage 21:====&gt;           (9 + 23) / 32][Stage 22:&gt;                (0 + 9) / 32][Stage 21:&gt; (9 + 23) / 32][Stage 22:&gt;  (0 + 9) / 32][Stage 23:&gt;  (0 + 0) / 32][Stage 21:=&gt;(30 + 2) / 32][Stage 22:&gt;(22 + 10) / 32][Stage 23:&gt; (2 + 20) / 32][Stage 22:&gt;(22 + 10) / 32][Stage 23:&gt; (2 + 22) / 32][Stage 24:&gt;  (0 + 0) / 32][Stage 23:==========&gt;    (22 + 10) / 32][Stage 24:&gt;               (0 + 22) / 32][Stage 23:============&gt;   (25 + 7) / 32][Stage 24:=&gt;              (2 + 25) / 32][Stage 23:============&gt;   (25 + 7) / 32][Stage 24:==&gt;             (4 + 25) / 32][Stage 23:==============&gt; (28 + 4) / 32][Stage 24:===&gt;            (7 + 25) / 32][Stage 23:==============&gt; (29 + 3) / 32][Stage 24:====&gt;          (10 + 22) / 32][Stage 23:===============&gt;(31 + 1) / 32][Stage 24:=====&gt;         (12 + 20) / 32]                                                                                <br/></div></td></tr></tbody>
      <tbody class="failed results-table-row">
        <tr>
          <td class="col-result">Failed</td>
          <td class="col-name">tests/integration/registration/test_universal_types.py::test_feature_get_historical_features_types_match[TypeTestConfig(feature_dtype=&apos;int64&apos;, feature_is_list=True, has_empty_list=True)-LOCAL:Spark:RedisOnlineStoreCreator:python_fs:False:go_fs:False]</td>
          <td class="col-duration">30.58</td>
          <td class="col-links"></td></tr>
        <tr>
          <td class="extra" colspan="4">
            <div class="log">[gw6] linux -- Python 3.10.6 /usr/local/bin/python<br/>[gw6] linux -- Python 3.10.6 /usr/local/bin/python[gw6] linux -- Python 3.10.6 /usr/local/bin/python<br/><br/>offline_types_test_fixtures = (TypeTestConfig(feature_dtype=&#x27;int64&#x27;, feature_is_list=True, has_empty_list=True), &lt;feast.infra.offline_stores.contrib..._key_map={}), created_timestamp = None, last_updated_timestamp = None, online = True, materialization_intervals = [])&gt;)<br/>environment = Environment(name=&#x27;integration_test_cf745d_1&#x27;, test_repo_config=LOCAL:Spark:RedisOnlineStoreCreator:python_fs:False:go_...reator=&lt;tests.integration.feature_repos.universal.online_store.redis.RedisOnlineStoreCreator object at 0x7f1036a83310&gt;)<br/><br/>    @pytest.mark.integration<br/>    @pytest.mark.universal_offline_stores<br/>    def test_feature_get_historical_features_types_match(<br/>        offline_types_test_fixtures, environment<br/>    ):<br/>        &quot;&quot;&quot;<br/>        Note: to make sure this test works, we need to ensure that get_historical_features<br/>        returns at least one non-null row to make sure type inferral works. This can only<br/>        be achieved by carefully matching entity_df to the data fixtures.<br/>        &quot;&quot;&quot;<br/>        config, data_source, fv = offline_types_test_fixtures<br/>        fs = environment.feature_store<br/>        entity = driver()<br/>        fv = create_feature_view(<br/>            &quot;get_historical_features_types_match&quot;,<br/>            config.feature_dtype,<br/>            config.feature_is_list,<br/>            config.has_empty_list,<br/>            data_source,<br/>        )<br/>        fs.apply([fv, entity])<br/>    <br/>        entity_df = pd.DataFrame()<br/>        entity_df[&quot;driver_id&quot;] = [1, 3]<br/>        ts = pd.Timestamp(datetime.utcnow()).round(&quot;ms&quot;)<br/>        entity_df[&quot;ts&quot;] = [<br/>            ts - timedelta(hours=4),<br/>            ts - timedelta(hours=2),<br/>        ]<br/>        features = [f&quot;{fv.name}:value&quot;]<br/>    <br/>        historical_features = fs.get_historical_features(<br/>            entity_df=entity_df,<br/>            features=features,<br/>        )<br/>        # Note: Pandas doesn&#x27;t play well with nan values in ints. BQ will also coerce to floats if there are NaNs<br/>        historical_features_df = historical_features.to_df()<br/>        print(historical_features_df)<br/>    <br/>        if config.feature_is_list:<br/>            assert_feature_list_types(<br/>                environment.test_repo_config.provider,<br/>                config.feature_dtype,<br/>                historical_features_df,<br/>            )<br/>        else:<br/>            assert_expected_historical_feature_types(<br/>                config.feature_dtype, historical_features_df<br/>            )<br/>&gt;       assert_expected_arrow_types(<br/>            environment.test_repo_config.provider,<br/>            config.feature_dtype,<br/>            config.feature_is_list,<br/>            historical_features,<br/>        )<br/><br/>sdk/python/tests/integration/registration/test_universal_types.py:127: <br/>_ _ _ _ _ _ _ _ _ _ _ _ _ _ _ _ _ _ _ _ _ _ _ _ _ _ _ _ _ _ _ _ _ _ _ _ _ _ _ _ <br/><br/>provider = &#x27;local&#x27;, feature_dtype = &#x27;int64&#x27;, feature_is_list = True, historical_features = &lt;feast.infra.offline_stores.contrib.spark_offline_store.spark.SparkRetrievalJob object at 0x7f10ed157070&gt;<br/><br/>    def assert_expected_arrow_types(<br/>        provider: str,<br/>        feature_dtype: str,<br/>        feature_is_list: bool,<br/>        historical_features: RetrievalJob,<br/>    ):<br/>        print(&quot;Asserting historical feature arrow types&quot;)<br/>        historical_features_arrow = historical_features.to_arrow()<br/>        print(historical_features_arrow)<br/>        feature_list_dtype_to_expected_historical_feature_arrow_type = {<br/>            &quot;int32&quot;: pa.types.is_signed_integer,  # different offline stores could interpret integers differently<br/>            &quot;int64&quot;: pa.types.is_signed_integer,  # eg, Snowflake chooses the smallest possible (like int8)<br/>            &quot;float&quot;: pa.types.is_float64,<br/>            &quot;string&quot;: pa.types.is_string,<br/>            &quot;bool&quot;: pa.types.is_boolean,<br/>            &quot;date&quot;: pa.types.is_date,<br/>            &quot;datetime&quot;: pa.types.is_timestamp,<br/>        }<br/>        arrow_type_checker = feature_list_dtype_to_expected_historical_feature_arrow_type[<br/>            feature_dtype<br/>        ]<br/>        pa_type = historical_features_arrow.schema.field(&quot;value&quot;).type<br/>    <br/>        if feature_is_list:<br/>            assert pa.types.is_list(pa_type)<br/>&gt;           assert arrow_type_checker(pa_type.value_type)<br/><span class="error">E           assert False</span><br/><span class="error">E            +  where False = &lt;function is_signed_integer at 0x7f1095ec5b40&gt;(DataType(null))</span><br/><span class="error">E            +    where DataType(null) = ListType(list&lt;item: null&gt;).value_type</span><br/><br/>sdk/python/tests/integration/registration/test_universal_types.py:306: AssertionError[gw6] linux -- Python 3.10.6 /usr/local/bin/python<br/> -----------------------------Captured stdout setup------------------------------ <br/>22/08/11 11:17:27 WARN NativeCodeLoader: Unable to load native-hadoop library for your platform... using builtin-java classes where applicable
22/08/11 11:17:29 WARN Utils: Service &#x27;SparkUI&#x27; could not bind on port 4040. Attempting port 4041.
22/08/11 11:17:29 WARN Utils: Service &#x27;SparkUI&#x27; could not bind on port 4041. Attempting port 4042.
22/08/11 11:17:29 WARN Utils: Service &#x27;SparkUI&#x27; could not bind on port 4042. Attempting port 4043.
22/08/11 11:17:29 WARN Utils: Service &#x27;SparkUI&#x27; could not bind on port 4043. Attempting port 4044.
22/08/11 11:17:29 WARN Utils: Service &#x27;SparkUI&#x27; could not bind on port 4044. Attempting port 4045.
<br/> -----------------------------Captured stderr setup------------------------------ <br/>Warning: Ignoring non-Spark config property: master
Setting default log level to &quot;WARN&quot;.
To adjust logging level use sc.setLogLevel(newLevel). For SparkR, use setLogLevel(newLevel).
<br/> ------------------------------Captured stdout call------------------------------ <br/>Using ts as the event timestamp. To specify a column explicitly, please name it event_timestamp.
   driver_id                      ts value
0          1 2022-08-11 07:17:33.246    []
1          3 2022-08-11 09:17:33.246    []
Asserting historical feature list types
Asserting historical feature arrow types
pyarrow.Table
driver_id: int64
ts: timestamp[ns]
value: list&lt;item: null&gt;
  child 0, item: null
----
driver_id: [[1,3]]
ts: [[2022-08-11 07:17:33.246000000,2022-08-11 09:17:33.246000000]]
value: [[0 nulls,0 nulls]]
<br/> ------------------------------Captured stderr call------------------------------ <br/>[Stage 0:&gt;                                                         (0 + 0) / 32][Stage 0:&gt;                (0 + 31) / 32][Stage 1:&gt;                 (0 + 0) / 32][Stage 0:&gt;  (0 + 32) / 32][Stage 1:&gt;   (0 + 0) / 32][Stage 2:&gt;   (0 + 0) / 32][Stage 0:&gt;  (0 + 32) / 32][Stage 1:&gt;   (0 + 2) / 32][Stage 2:&gt;   (0 + 0) / 32][Stage 0:&gt;  (2 + 30) / 32][Stage 1:&gt;   (0 + 3) / 32][Stage 2:&gt;   (0 + 0) / 32][Stage 0:&gt;  (3 + 29) / 32][Stage 1:&gt;   (0 + 4) / 32][Stage 2:&gt;   (0 + 0) / 32][Stage 0:&gt;  (4 + 28) / 32][Stage 1:&gt;   (0 + 5) / 32][Stage 2:&gt;   (0 + 0) / 32][Stage 0:&gt; (13 + 19) / 32][Stage 1:&gt;  (0 + 12) / 32][Stage 2:&gt;   (0 + 0) / 32][Stage 0:&gt; (14 + 18) / 32][Stage 1:&gt;  (0 + 16) / 32][Stage 2:&gt;   (0 + 0) / 32][Stage 2:&gt;  (0 + 32) / 32][Stage 3:&gt;   (0 + 0) / 32][Stage 4:&gt;   (0 + 0) / 32][Stage 2:&gt;  (1 + 31) / 32][Stage 3:&gt;   (0 + 1) / 32][Stage 4:&gt;   (0 + 0) / 32][Stage 2:&gt;  (5 + 27) / 32][Stage 3:&gt;  (0 + 10) / 32][Stage 4:&gt;   (0 + 0) / 32][Stage 2:&gt;  (6 + 26) / 32][Stage 3:&gt;  (0 + 10) / 32][Stage 4:&gt;   (0 + 0) / 32][Stage 2:&gt;  (7 + 25) / 32][Stage 3:&gt;  (0 + 10) / 32][Stage 4:&gt;   (0 + 0) / 32][Stage 2:&gt;  (8 + 24) / 32][Stage 3:&gt;  (0 + 10) / 32][Stage 4:&gt;   (0 + 0) / 32][Stage 2:&gt;  (9 + 23) / 32][Stage 3:&gt;  (0 + 10) / 32][Stage 4:&gt;   (0 + 0) / 32][Stage 2:&gt; (13 + 19) / 32][Stage 3:&gt;  (0 + 31) / 32][Stage 4:&gt;   (0 + 0) / 32][Stage 2:&gt; (14 + 18) / 32][Stage 3:&gt;  (0 + 31) / 32][Stage 4:&gt;   (0 + 0) / 32][Stage 3:==============&gt;  (28 + 4) / 32][Stage 4:&gt;                (0 + 28) / 32]                                                                                [Stage 20:&gt;               (0 + 17) / 32][Stage 21:&gt;                (0 + 0) / 32][Stage 20:&gt;               (0 + 32) / 32][Stage 21:&gt;                (0 + 0) / 32][Stage 20:&gt; (0 + 32) / 32][Stage 21:&gt;  (0 + 0) / 32][Stage 22:&gt;  (0 + 0) / 32][Stage 21:=&gt;              (3 + 29) / 32][Stage 22:&gt;                (0 + 3) / 32][Stage 21:&gt; (3 + 29) / 32][Stage 22:&gt;  (0 + 3) / 32][Stage 23:&gt;  (0 + 0) / 32][Stage 21:=&gt;(31 + 1) / 32][Stage 22:&gt; (8 + 24) / 32][Stage 23:&gt;  (0 + 7) / 32][Stage 21:=&gt;(31 + 1) / 32][Stage 22:&gt;(13 + 19) / 32][Stage 23:&gt; (0 + 12) / 32][Stage 22:&gt;(14 + 18) / 32][Stage 23:&gt; (0 + 14) / 32][Stage 24:&gt;  (0 + 0) / 32][Stage 23:========&gt;      (18 + 14) / 32][Stage 24:&gt;               (1 + 18) / 32][Stage 23:=========&gt;     (21 + 11) / 32][Stage 24:==&gt;             (4 + 21) / 32][Stage 23:===========&gt;    (23 + 9) / 32][Stage 24:==&gt;             (5 + 23) / 32][Stage 23:===============&gt;(31 + 1) / 32][Stage 24:============&gt;   (25 + 7) / 32]                                                                                <br/></div></td></tr></tbody>
      <tbody class="failed results-table-row">
        <tr>
          <td class="col-result">Failed</td>
          <td class="col-name">tests/integration/registration/test_universal_types.py::test_feature_get_historical_features_types_match[TypeTestConfig(feature_dtype=&apos;float&apos;, feature_is_list=True, has_empty_list=True)-LOCAL:Spark:RedisOnlineStoreCreator:python_fs:False:go_fs:False]</td>
          <td class="col-duration">23.15</td>
          <td class="col-links"></td></tr>
        <tr>
          <td class="extra" colspan="4">
            <div class="log">[gw1] linux -- Python 3.10.6 /usr/local/bin/python<br/>[gw1] linux -- Python 3.10.6 /usr/local/bin/python[gw1] linux -- Python 3.10.6 /usr/local/bin/python<br/><br/>offline_types_test_fixtures = (TypeTestConfig(feature_dtype=&#x27;float&#x27;, feature_is_list=True, has_empty_list=True), &lt;feast.infra.offline_stores.contrib..._key_map={}), created_timestamp = None, last_updated_timestamp = None, online = True, materialization_intervals = [])&gt;)<br/>environment = Environment(name=&#x27;integration_test_9e3303_1&#x27;, test_repo_config=LOCAL:Spark:RedisOnlineStoreCreator:python_fs:False:go_...reator=&lt;tests.integration.feature_repos.universal.online_store.redis.RedisOnlineStoreCreator object at 0x7fd299a62dd0&gt;)<br/><br/>    @pytest.mark.integration<br/>    @pytest.mark.universal_offline_stores<br/>    def test_feature_get_historical_features_types_match(<br/>        offline_types_test_fixtures, environment<br/>    ):<br/>        &quot;&quot;&quot;<br/>        Note: to make sure this test works, we need to ensure that get_historical_features<br/>        returns at least one non-null row to make sure type inferral works. This can only<br/>        be achieved by carefully matching entity_df to the data fixtures.<br/>        &quot;&quot;&quot;<br/>        config, data_source, fv = offline_types_test_fixtures<br/>        fs = environment.feature_store<br/>        entity = driver()<br/>        fv = create_feature_view(<br/>            &quot;get_historical_features_types_match&quot;,<br/>            config.feature_dtype,<br/>            config.feature_is_list,<br/>            config.has_empty_list,<br/>            data_source,<br/>        )<br/>        fs.apply([fv, entity])<br/>    <br/>        entity_df = pd.DataFrame()<br/>        entity_df[&quot;driver_id&quot;] = [1, 3]<br/>        ts = pd.Timestamp(datetime.utcnow()).round(&quot;ms&quot;)<br/>        entity_df[&quot;ts&quot;] = [<br/>            ts - timedelta(hours=4),<br/>            ts - timedelta(hours=2),<br/>        ]<br/>        features = [f&quot;{fv.name}:value&quot;]<br/>    <br/>        historical_features = fs.get_historical_features(<br/>            entity_df=entity_df,<br/>            features=features,<br/>        )<br/>        # Note: Pandas doesn&#x27;t play well with nan values in ints. BQ will also coerce to floats if there are NaNs<br/>        historical_features_df = historical_features.to_df()<br/>        print(historical_features_df)<br/>    <br/>        if config.feature_is_list:<br/>            assert_feature_list_types(<br/>                environment.test_repo_config.provider,<br/>                config.feature_dtype,<br/>                historical_features_df,<br/>            )<br/>        else:<br/>            assert_expected_historical_feature_types(<br/>                config.feature_dtype, historical_features_df<br/>            )<br/>&gt;       assert_expected_arrow_types(<br/>            environment.test_repo_config.provider,<br/>            config.feature_dtype,<br/>            config.feature_is_list,<br/>            historical_features,<br/>        )<br/><br/>sdk/python/tests/integration/registration/test_universal_types.py:127: <br/>_ _ _ _ _ _ _ _ _ _ _ _ _ _ _ _ _ _ _ _ _ _ _ _ _ _ _ _ _ _ _ _ _ _ _ _ _ _ _ _ <br/><br/>provider = &#x27;local&#x27;, feature_dtype = &#x27;float&#x27;, feature_is_list = True, historical_features = &lt;feast.infra.offline_stores.contrib.spark_offline_store.spark.SparkRetrievalJob object at 0x7fd349e076a0&gt;<br/><br/>    def assert_expected_arrow_types(<br/>        provider: str,<br/>        feature_dtype: str,<br/>        feature_is_list: bool,<br/>        historical_features: RetrievalJob,<br/>    ):<br/>        print(&quot;Asserting historical feature arrow types&quot;)<br/>        historical_features_arrow = historical_features.to_arrow()<br/>        print(historical_features_arrow)<br/>        feature_list_dtype_to_expected_historical_feature_arrow_type = {<br/>            &quot;int32&quot;: pa.types.is_signed_integer,  # different offline stores could interpret integers differently<br/>            &quot;int64&quot;: pa.types.is_signed_integer,  # eg, Snowflake chooses the smallest possible (like int8)<br/>            &quot;float&quot;: pa.types.is_float64,<br/>            &quot;string&quot;: pa.types.is_string,<br/>            &quot;bool&quot;: pa.types.is_boolean,<br/>            &quot;date&quot;: pa.types.is_date,<br/>            &quot;datetime&quot;: pa.types.is_timestamp,<br/>        }<br/>        arrow_type_checker = feature_list_dtype_to_expected_historical_feature_arrow_type[<br/>            feature_dtype<br/>        ]<br/>        pa_type = historical_features_arrow.schema.field(&quot;value&quot;).type<br/>    <br/>        if feature_is_list:<br/>            assert pa.types.is_list(pa_type)<br/>&gt;           assert arrow_type_checker(pa_type.value_type)<br/><span class="error">E           assert False</span><br/><span class="error">E            +  where False = &lt;function is_float64 at 0x7fd2f8eaa290&gt;(DataType(null))</span><br/><span class="error">E            +    where DataType(null) = ListType(list&lt;item: null&gt;).value_type</span><br/><br/>sdk/python/tests/integration/registration/test_universal_types.py:306: AssertionError[gw1] linux -- Python 3.10.6 /usr/local/bin/python<br/> -----------------------------Captured stdout setup------------------------------ <br/>22/08/11 11:17:34 WARN Utils: Service &#x27;SparkUI&#x27; could not bind on port 4040. Attempting port 4041.
22/08/11 11:17:34 WARN Utils: Service &#x27;SparkUI&#x27; could not bind on port 4041. Attempting port 4042.
22/08/11 11:17:34 WARN Utils: Service &#x27;SparkUI&#x27; could not bind on port 4042. Attempting port 4043.
22/08/11 11:17:34 WARN Utils: Service &#x27;SparkUI&#x27; could not bind on port 4043. Attempting port 4044.
22/08/11 11:17:34 WARN Utils: Service &#x27;SparkUI&#x27; could not bind on port 4044. Attempting port 4045.
22/08/11 11:17:34 WARN Utils: Service &#x27;SparkUI&#x27; could not bind on port 4045. Attempting port 4046.
22/08/11 11:17:34 WARN Utils: Service &#x27;SparkUI&#x27; could not bind on port 4046. Attempting port 4047.
<br/> ------------------------------Captured stdout call------------------------------ <br/>Using ts as the event timestamp. To specify a column explicitly, please name it event_timestamp.
   driver_id                      ts value
0          1 2022-08-11 07:17:34.648    []
1          3 2022-08-11 09:17:34.648    []
Asserting historical feature list types
Asserting historical feature arrow types
pyarrow.Table
driver_id: int64
ts: timestamp[ns]
value: list&lt;item: null&gt;
  child 0, item: null
----
driver_id: [[1,3]]
ts: [[2022-08-11 07:17:34.648000000,2022-08-11 09:17:34.648000000]]
value: [[0 nulls,0 nulls]]
<br/> ------------------------------Captured stderr call------------------------------ <br/>[Stage 0:&gt;                                                         (0 + 0) / 32][Stage 0:&gt;   (0 + 0) / 32][Stage 1:&gt;   (0 + 0) / 32][Stage 2:&gt;   (0 + 0) / 32][Stage 0:&gt;  (0 + 32) / 32][Stage 1:&gt;   (0 + 0) / 32][Stage 2:&gt;   (0 + 0) / 32][Stage 0:&gt;  (1 + 31) / 32][Stage 1:&gt;   (0 + 1) / 32][Stage 2:&gt;   (0 + 0) / 32][Stage 0:&gt;  (3 + 29) / 32][Stage 1:&gt;   (0 + 4) / 32][Stage 2:&gt;   (0 + 0) / 32][Stage 0:&gt;  (4 + 28) / 32][Stage 1:&gt;   (0 + 7) / 32][Stage 2:&gt;   (0 + 0) / 32][Stage 0:&gt;  (5 + 27) / 32][Stage 1:&gt;   (0 + 7) / 32][Stage 2:&gt;   (0 + 0) / 32][Stage 0:&gt;  (6 + 26) / 32][Stage 1:&gt;   (0 + 7) / 32][Stage 2:&gt;   (0 + 0) / 32][Stage 0:&gt;  (7 + 25) / 32][Stage 1:&gt;  (0 + 10) / 32][Stage 2:&gt;   (0 + 0) / 32][Stage 0:&gt;  (9 + 23) / 32][Stage 1:&gt;  (0 + 10) / 32][Stage 2:&gt;   (0 + 0) / 32][Stage 0:&gt; (10 + 22) / 32][Stage 1:&gt;  (0 + 10) / 32][Stage 2:&gt;   (0 + 0) / 32][Stage 0:&gt; (12 + 20) / 32][Stage 1:&gt;  (0 + 14) / 32][Stage 2:&gt;   (0 + 0) / 32][Stage 4:=====================&gt;                                  (12 + 20) / 32]                                                                                [Stage 20:&gt;               (0 + 21) / 32][Stage 21:&gt;                (0 + 0) / 32][Stage 20:&gt;               (0 + 32) / 32][Stage 21:&gt;                (0 + 0) / 32][Stage 20:&gt; (0 + 32) / 32][Stage 21:&gt;  (0 + 0) / 32][Stage 22:&gt;  (0 + 0) / 32][Stage 21:&gt; (4 + 28) / 32][Stage 22:&gt;  (0 + 0) / 32][Stage 23:&gt;  (0 + 0) / 32][Stage 24:====================================================&gt;   (30 + 2) / 32]                                                                                <br/></div></td></tr></tbody>
      <tbody class="failed results-table-row">
        <tr>
          <td class="col-result">Failed</td>
          <td class="col-name">tests/integration/registration/test_universal_types.py::test_feature_get_historical_features_types_match[TypeTestConfig(feature_dtype=&apos;bool&apos;, feature_is_list=True, has_empty_list=True)-LOCAL:Spark:RedisOnlineStoreCreator:python_fs:False:go_fs:False]</td>
          <td class="col-duration">12.62</td>
          <td class="col-links"></td></tr>
        <tr>
          <td class="extra" colspan="4">
            <div class="log">[gw4] linux -- Python 3.10.6 /usr/local/bin/python<br/>[gw4] linux -- Python 3.10.6 /usr/local/bin/python[gw4] linux -- Python 3.10.6 /usr/local/bin/python<br/><br/>offline_types_test_fixtures = (TypeTestConfig(feature_dtype=&#x27;bool&#x27;, feature_is_list=True, has_empty_list=True), &lt;feast.infra.offline_stores.contrib...._key_map={}), created_timestamp = None, last_updated_timestamp = None, online = True, materialization_intervals = [])&gt;)<br/>environment = Environment(name=&#x27;integration_test_aba931_1&#x27;, test_repo_config=LOCAL:Spark:RedisOnlineStoreCreator:python_fs:False:go_...reator=&lt;tests.integration.feature_repos.universal.online_store.redis.RedisOnlineStoreCreator object at 0x7f1afed7eef0&gt;)<br/><br/>    @pytest.mark.integration<br/>    @pytest.mark.universal_offline_stores<br/>    def test_feature_get_historical_features_types_match(<br/>        offline_types_test_fixtures, environment<br/>    ):<br/>        &quot;&quot;&quot;<br/>        Note: to make sure this test works, we need to ensure that get_historical_features<br/>        returns at least one non-null row to make sure type inferral works. This can only<br/>        be achieved by carefully matching entity_df to the data fixtures.<br/>        &quot;&quot;&quot;<br/>        config, data_source, fv = offline_types_test_fixtures<br/>        fs = environment.feature_store<br/>        entity = driver()<br/>        fv = create_feature_view(<br/>            &quot;get_historical_features_types_match&quot;,<br/>            config.feature_dtype,<br/>            config.feature_is_list,<br/>            config.has_empty_list,<br/>            data_source,<br/>        )<br/>        fs.apply([fv, entity])<br/>    <br/>        entity_df = pd.DataFrame()<br/>        entity_df[&quot;driver_id&quot;] = [1, 3]<br/>        ts = pd.Timestamp(datetime.utcnow()).round(&quot;ms&quot;)<br/>        entity_df[&quot;ts&quot;] = [<br/>            ts - timedelta(hours=4),<br/>            ts - timedelta(hours=2),<br/>        ]<br/>        features = [f&quot;{fv.name}:value&quot;]<br/>    <br/>        historical_features = fs.get_historical_features(<br/>            entity_df=entity_df,<br/>            features=features,<br/>        )<br/>        # Note: Pandas doesn&#x27;t play well with nan values in ints. BQ will also coerce to floats if there are NaNs<br/>        historical_features_df = historical_features.to_df()<br/>        print(historical_features_df)<br/>    <br/>        if config.feature_is_list:<br/>            assert_feature_list_types(<br/>                environment.test_repo_config.provider,<br/>                config.feature_dtype,<br/>                historical_features_df,<br/>            )<br/>        else:<br/>            assert_expected_historical_feature_types(<br/>                config.feature_dtype, historical_features_df<br/>            )<br/>&gt;       assert_expected_arrow_types(<br/>            environment.test_repo_config.provider,<br/>            config.feature_dtype,<br/>            config.feature_is_list,<br/>            historical_features,<br/>        )<br/><br/>sdk/python/tests/integration/registration/test_universal_types.py:127: <br/>_ _ _ _ _ _ _ _ _ _ _ _ _ _ _ _ _ _ _ _ _ _ _ _ _ _ _ _ _ _ _ _ _ _ _ _ _ _ _ _ <br/><br/>provider = &#x27;local&#x27;, feature_dtype = &#x27;bool&#x27;, feature_is_list = True, historical_features = &lt;feast.infra.offline_stores.contrib.spark_offline_store.spark.SparkRetrievalJob object at 0x7f1bb52fbfd0&gt;<br/><br/>    def assert_expected_arrow_types(<br/>        provider: str,<br/>        feature_dtype: str,<br/>        feature_is_list: bool,<br/>        historical_features: RetrievalJob,<br/>    ):<br/>        print(&quot;Asserting historical feature arrow types&quot;)<br/>        historical_features_arrow = historical_features.to_arrow()<br/>        print(historical_features_arrow)<br/>        feature_list_dtype_to_expected_historical_feature_arrow_type = {<br/>            &quot;int32&quot;: pa.types.is_signed_integer,  # different offline stores could interpret integers differently<br/>            &quot;int64&quot;: pa.types.is_signed_integer,  # eg, Snowflake chooses the smallest possible (like int8)<br/>            &quot;float&quot;: pa.types.is_float64,<br/>            &quot;string&quot;: pa.types.is_string,<br/>            &quot;bool&quot;: pa.types.is_boolean,<br/>            &quot;date&quot;: pa.types.is_date,<br/>            &quot;datetime&quot;: pa.types.is_timestamp,<br/>        }<br/>        arrow_type_checker = feature_list_dtype_to_expected_historical_feature_arrow_type[<br/>            feature_dtype<br/>        ]<br/>        pa_type = historical_features_arrow.schema.field(&quot;value&quot;).type<br/>    <br/>        if feature_is_list:<br/>            assert pa.types.is_list(pa_type)<br/>&gt;           assert arrow_type_checker(pa_type.value_type)<br/><span class="error">E           assert False</span><br/><span class="error">E            +  where False = &lt;function is_boolean at 0x7f1b5d169a20&gt;(DataType(null))</span><br/><span class="error">E            +    where DataType(null) = ListType(list&lt;item: null&gt;).value_type</span><br/><br/>sdk/python/tests/integration/registration/test_universal_types.py:306: AssertionError[gw4] linux -- Python 3.10.6 /usr/local/bin/python<br/> -----------------------------Captured stdout setup------------------------------ <br/>22/08/11 11:17:56 WARN Utils: Service &#x27;SparkUI&#x27; could not bind on port 4040. Attempting port 4041.
22/08/11 11:17:56 WARN Utils: Service &#x27;SparkUI&#x27; could not bind on port 4041. Attempting port 4042.
<br/> ------------------------------Captured stdout call------------------------------ <br/>Using ts as the event timestamp. To specify a column explicitly, please name it event_timestamp.
   driver_id                      ts value
0          1 2022-08-11 07:17:56.538    []
1          3 2022-08-11 09:17:56.538    []
Asserting historical feature list types
Asserting historical feature arrow types
pyarrow.Table
driver_id: int64
ts: timestamp[ns]
value: list&lt;item: null&gt;
  child 0, item: null
----
driver_id: [[1,3]]
ts: [[2022-08-11 07:17:56.538000000,2022-08-11 09:17:56.538000000]]
value: [[0 nulls,0 nulls]]
<br/> ------------------------------Captured stderr call------------------------------ <br/>[Stage 0:&gt;  (0 + 32) / 32][Stage 1:&gt;   (0 + 0) / 32][Stage 2:&gt;   (0 + 0) / 32][Stage 0:&gt;  (1 + 31) / 32][Stage 1:&gt;   (0 + 3) / 32][Stage 2:&gt;   (0 + 0) / 32][Stage 1:&gt;  (3 + 29) / 32][Stage 2:&gt;   (0 + 3) / 32][Stage 3:&gt;   (0 + 0) / 32][Stage 1:&gt;  (4 + 28) / 32][Stage 2:&gt;   (0 + 4) / 32][Stage 3:&gt;   (0 + 0) / 32][Stage 1:==&gt;(28 + 4) / 32][Stage 2:&gt;  (0 + 28) / 32][Stage 3:&gt;   (0 + 0) / 32][Stage 1:==&gt;(28 + 4) / 32][Stage 2:&gt;  (2 + 28) / 32][Stage 3:&gt;   (0 + 0) / 32][Stage 2:&gt;  (6 + 26) / 32][Stage 3:&gt;   (0 + 6) / 32][Stage 4:&gt;   (0 + 0) / 32][Stage 2:&gt; (12 + 20) / 32][Stage 3:&gt;  (0 + 12) / 32][Stage 4:&gt;   (0 + 0) / 32][Stage 2:==&gt;(23 + 9) / 32][Stage 3:&gt;  (0 + 23) / 32][Stage 4:&gt;   (0 + 0) / 32][Stage 2:==&gt;(27 + 5) / 32][Stage 3:&gt;  (0 + 27) / 32][Stage 4:&gt;   (0 + 0) / 32][Stage 2:==&gt;(29 + 3) / 32][Stage 3:&gt;  (0 + 29) / 32][Stage 4:&gt;   (0 + 0) / 32][Stage 2:==&gt;(30 + 2) / 32][Stage 3:&gt;  (0 + 30) / 32][Stage 4:&gt;   (0 + 0) / 32][Stage 2:==&gt;(31 + 1) / 32][Stage 3:&gt;  (0 + 31) / 32][Stage 4:&gt;   (0 + 0) / 32][Stage 3:===============&gt; (29 + 3) / 32][Stage 4:&gt;                (0 + 29) / 32][Stage 3:===============&gt; (30 + 2) / 32][Stage 4:&gt;                (0 + 30) / 32][Stage 4:===================================================&gt;     (29 + 3) / 32]                                                                                [Stage 21:=================&gt;                                     (10 + 22) / 32][Stage 21:=&gt;(23 + 9) / 32][Stage 22:&gt; (3 + 23) / 32][Stage 23:&gt;  (0 + 0) / 32][Stage 21:=&gt;(26 + 6) / 32][Stage 22:&gt; (4 + 26) / 32][Stage 23:&gt;  (0 + 0) / 32][Stage 21:=&gt;(30 + 2) / 32][Stage 22:&gt; (4 + 28) / 32][Stage 23:&gt;  (0 + 3) / 32][Stage 22:=&gt;(27 + 5) / 32][Stage 23:&gt; (5 + 27) / 32][Stage 24:&gt;  (0 + 0) / 32][Stage 23:&gt;(13 + 19) / 32][Stage 24:&gt; (0 + 13) / 32][Stage 25:&gt;  (0 + 0) / 32][Stage 23:&gt;(20 + 12) / 32][Stage 24:&gt; (0 + 20) / 32][Stage 25:&gt;  (0 + 0) / 32][Stage 23:=&gt;(24 + 8) / 32][Stage 24:&gt; (0 + 24) / 32][Stage 25:&gt;  (0 + 0) / 32][Stage 23:=&gt;(28 + 4) / 32][Stage 24:&gt; (4 + 28) / 32][Stage 25:&gt;  (0 + 0) / 32][Stage 23:=&gt;(29 + 3) / 32][Stage 24:&gt; (7 + 25) / 32][Stage 25:&gt;  (0 + 4) / 32][Stage 23:=&gt;(29 + 3) / 32][Stage 24:&gt; (7 + 25) / 32][Stage 25:&gt;  (0 + 5) / 32][Stage 25:===========================&gt;                           (16 + 16) / 32][Stage 25:======================================================&gt; (31 + 1) / 32]                                                                                <br/></div></td></tr></tbody>
      <tbody class="failed results-table-row">
        <tr>
          <td class="col-result">Failed</td>
          <td class="col-name">tests/integration/registration/test_universal_types.py::test_feature_get_historical_features_types_match[TypeTestConfig(feature_dtype=&apos;datetime&apos;, feature_is_list=True, has_empty_list=True)-LOCAL:Spark:RedisOnlineStoreCreator:python_fs:False:go_fs:False]</td>
          <td class="col-duration">12.60</td>
          <td class="col-links"></td></tr>
        <tr>
          <td class="extra" colspan="4">
            <div class="log">[gw7] linux -- Python 3.10.6 /usr/local/bin/python<br/>[gw7] linux -- Python 3.10.6 /usr/local/bin/python[gw7] linux -- Python 3.10.6 /usr/local/bin/python<br/><br/>offline_types_test_fixtures = (TypeTestConfig(feature_dtype=&#x27;datetime&#x27;, feature_is_list=True, has_empty_list=True), &lt;feast.infra.offline_stores.cont..._key_map={}), created_timestamp = None, last_updated_timestamp = None, online = True, materialization_intervals = [])&gt;)<br/>environment = Environment(name=&#x27;integration_test_564789_1&#x27;, test_repo_config=LOCAL:Spark:RedisOnlineStoreCreator:python_fs:False:go_...reator=&lt;tests.integration.feature_repos.universal.online_store.redis.RedisOnlineStoreCreator object at 0x7f5d161c70a0&gt;)<br/><br/>    @pytest.mark.integration<br/>    @pytest.mark.universal_offline_stores<br/>    def test_feature_get_historical_features_types_match(<br/>        offline_types_test_fixtures, environment<br/>    ):<br/>        &quot;&quot;&quot;<br/>        Note: to make sure this test works, we need to ensure that get_historical_features<br/>        returns at least one non-null row to make sure type inferral works. This can only<br/>        be achieved by carefully matching entity_df to the data fixtures.<br/>        &quot;&quot;&quot;<br/>        config, data_source, fv = offline_types_test_fixtures<br/>        fs = environment.feature_store<br/>        entity = driver()<br/>        fv = create_feature_view(<br/>            &quot;get_historical_features_types_match&quot;,<br/>            config.feature_dtype,<br/>            config.feature_is_list,<br/>            config.has_empty_list,<br/>            data_source,<br/>        )<br/>        fs.apply([fv, entity])<br/>    <br/>        entity_df = pd.DataFrame()<br/>        entity_df[&quot;driver_id&quot;] = [1, 3]<br/>        ts = pd.Timestamp(datetime.utcnow()).round(&quot;ms&quot;)<br/>        entity_df[&quot;ts&quot;] = [<br/>            ts - timedelta(hours=4),<br/>            ts - timedelta(hours=2),<br/>        ]<br/>        features = [f&quot;{fv.name}:value&quot;]<br/>    <br/>        historical_features = fs.get_historical_features(<br/>            entity_df=entity_df,<br/>            features=features,<br/>        )<br/>        # Note: Pandas doesn&#x27;t play well with nan values in ints. BQ will also coerce to floats if there are NaNs<br/>        historical_features_df = historical_features.to_df()<br/>        print(historical_features_df)<br/>    <br/>        if config.feature_is_list:<br/>            assert_feature_list_types(<br/>                environment.test_repo_config.provider,<br/>                config.feature_dtype,<br/>                historical_features_df,<br/>            )<br/>        else:<br/>            assert_expected_historical_feature_types(<br/>                config.feature_dtype, historical_features_df<br/>            )<br/>&gt;       assert_expected_arrow_types(<br/>            environment.test_repo_config.provider,<br/>            config.feature_dtype,<br/>            config.feature_is_list,<br/>            historical_features,<br/>        )<br/><br/>sdk/python/tests/integration/registration/test_universal_types.py:127: <br/>_ _ _ _ _ _ _ _ _ _ _ _ _ _ _ _ _ _ _ _ _ _ _ _ _ _ _ _ _ _ _ _ _ _ _ _ _ _ _ _ <br/><br/>provider = &#x27;local&#x27;, feature_dtype = &#x27;datetime&#x27;, feature_is_list = True, historical_features = &lt;feast.infra.offline_stores.contrib.spark_offline_store.spark.SparkRetrievalJob object at 0x7f5dcc73ffd0&gt;<br/><br/>    def assert_expected_arrow_types(<br/>        provider: str,<br/>        feature_dtype: str,<br/>        feature_is_list: bool,<br/>        historical_features: RetrievalJob,<br/>    ):<br/>        print(&quot;Asserting historical feature arrow types&quot;)<br/>        historical_features_arrow = historical_features.to_arrow()<br/>        print(historical_features_arrow)<br/>        feature_list_dtype_to_expected_historical_feature_arrow_type = {<br/>            &quot;int32&quot;: pa.types.is_signed_integer,  # different offline stores could interpret integers differently<br/>            &quot;int64&quot;: pa.types.is_signed_integer,  # eg, Snowflake chooses the smallest possible (like int8)<br/>            &quot;float&quot;: pa.types.is_float64,<br/>            &quot;string&quot;: pa.types.is_string,<br/>            &quot;bool&quot;: pa.types.is_boolean,<br/>            &quot;date&quot;: pa.types.is_date,<br/>            &quot;datetime&quot;: pa.types.is_timestamp,<br/>        }<br/>        arrow_type_checker = feature_list_dtype_to_expected_historical_feature_arrow_type[<br/>            feature_dtype<br/>        ]<br/>        pa_type = historical_features_arrow.schema.field(&quot;value&quot;).type<br/>    <br/>        if feature_is_list:<br/>            assert pa.types.is_list(pa_type)<br/>&gt;           assert arrow_type_checker(pa_type.value_type)<br/><span class="error">E           assert False</span><br/><span class="error">E            +  where False = &lt;function is_timestamp at 0x7f5d77e36710&gt;(DataType(null))</span><br/><span class="error">E            +    where DataType(null) = ListType(list&lt;item: null&gt;).value_type</span><br/><br/>sdk/python/tests/integration/registration/test_universal_types.py:306: AssertionError[gw7] linux -- Python 3.10.6 /usr/local/bin/python<br/> -----------------------------Captured stdout setup------------------------------ <br/>22/08/11 11:17:56 WARN Utils: Service &#x27;SparkUI&#x27; could not bind on port 4040. Attempting port 4041.
22/08/11 11:17:56 WARN Utils: Service &#x27;SparkUI&#x27; could not bind on port 4041. Attempting port 4042.
22/08/11 11:17:56 WARN Utils: Service &#x27;SparkUI&#x27; could not bind on port 4042. Attempting port 4043.
22/08/11 11:17:56 WARN Utils: Service &#x27;SparkUI&#x27; could not bind on port 4043. Attempting port 4044.
<br/> ------------------------------Captured stdout call------------------------------ <br/>Using ts as the event timestamp. To specify a column explicitly, please name it event_timestamp.
   driver_id                      ts value
0          1 2022-08-11 07:17:56.900    []
1          3 2022-08-11 09:17:56.900    []
Asserting historical feature list types
Asserting historical feature arrow types
pyarrow.Table
driver_id: int64
ts: timestamp[ns]
value: list&lt;item: null&gt;
  child 0, item: null
----
driver_id: [[1,3]]
ts: [[2022-08-11 07:17:56.900000000,2022-08-11 09:17:56.900000000]]
value: [[0 nulls,0 nulls]]
<br/> ------------------------------Captured stderr call------------------------------ <br/>[Stage 0:&gt;  (0 + 32) / 32][Stage 1:&gt;   (0 + 0) / 32][Stage 2:&gt;   (0 + 0) / 32][Stage 0:&gt;  (0 + 32) / 32][Stage 1:&gt;   (0 + 1) / 32][Stage 2:&gt;   (0 + 0) / 32][Stage 1:&gt;  (0 + 32) / 32][Stage 2:&gt;   (0 + 0) / 32][Stage 3:&gt;   (0 + 0) / 32][Stage 1:&gt; (12 + 20) / 32][Stage 2:&gt;  (0 + 12) / 32][Stage 3:&gt;   (0 + 0) / 32][Stage 1:=&gt;(18 + 14) / 32][Stage 2:&gt;  (0 + 18) / 32][Stage 3:&gt;   (0 + 0) / 32][Stage 1:==&gt;(28 + 4) / 32][Stage 2:&gt;  (7 + 25) / 32][Stage 3:&gt;   (0 + 3) / 32][Stage 2:&gt; (11 + 21) / 32][Stage 3:&gt;  (0 + 11) / 32][Stage 4:&gt;   (0 + 0) / 32][Stage 2:&gt; (14 + 18) / 32][Stage 3:&gt;  (0 + 14) / 32][Stage 4:&gt;   (0 + 0) / 32][Stage 2:=&gt;(20 + 12) / 32][Stage 3:&gt;  (0 + 20) / 32][Stage 4:&gt;   (0 + 0) / 32][Stage 2:==&gt;(25 + 7) / 32][Stage 3:&gt;  (0 + 25) / 32][Stage 4:&gt;   (0 + 0) / 32][Stage 3:&gt;                (0 + 32) / 32][Stage 4:&gt;                 (0 + 0) / 32][Stage 3:=============&gt;   (26 + 6) / 32][Stage 4:&gt;                (0 + 26) / 32][Stage 4:&gt;                                                        (0 + 32) / 32][Stage 4:=======&gt;                                                 (4 + 28) / 32][Stage 4:========================&gt;                               (14 + 18) / 32][Stage 4:=================================================&gt;       (28 + 4) / 32]                                                                                [Stage 20:=====&gt;         (11 + 21) / 32][Stage 21:&gt;               (0 + 11) / 32][Stage 20:&gt;(19 + 13) / 32][Stage 21:&gt; (0 + 19) / 32][Stage 22:&gt;  (0 + 0) / 32][Stage 20:=&gt;(24 + 8) / 32][Stage 21:&gt; (1 + 24) / 32][Stage 22:&gt;  (0 + 0) / 32][Stage 20:=&gt;(28 + 4) / 32][Stage 21:&gt; (8 + 24) / 32][Stage 22:&gt;  (0 + 4) / 32][Stage 21:&gt; (9 + 23) / 32][Stage 22:&gt;  (0 + 9) / 32][Stage 23:&gt;  (0 + 0) / 32][Stage 21:&gt;(18 + 14) / 32][Stage 22:&gt; (2 + 18) / 32][Stage 23:&gt;  (0 + 0) / 32][Stage 21:&gt;(20 + 12) / 32][Stage 22:&gt; (2 + 20) / 32][Stage 23:&gt;  (0 + 0) / 32][Stage 21:=&gt;(28 + 4) / 32][Stage 22:&gt; (3 + 28) / 32][Stage 23:&gt;  (0 + 0) / 32][Stage 22:&gt; (6 + 26) / 32][Stage 23:&gt;  (0 + 6) / 32][Stage 24:&gt;  (0 + 0) / 32][Stage 22:&gt;(19 + 13) / 32][Stage 23:&gt; (0 + 19) / 32][Stage 24:&gt;  (0 + 0) / 32][Stage 22:&gt;(22 + 10) / 32][Stage 23:&gt; (1 + 22) / 32][Stage 24:&gt;  (0 + 0) / 32][Stage 22:=&gt;(27 + 5) / 32][Stage 23:&gt; (2 + 27) / 32][Stage 24:&gt;  (0 + 0) / 32][Stage 22:=&gt;(29 + 3) / 32][Stage 23:&gt; (5 + 27) / 32][Stage 24:&gt;  (0 + 2) / 32][Stage 22:=&gt;(29 + 3) / 32][Stage 23:&gt;(11 + 21) / 32][Stage 24:&gt;  (1 + 8) / 32][Stage 23:=========&gt;     (21 + 11) / 32][Stage 24:&gt;               (1 + 21) / 32][Stage 23:==============&gt; (28 + 4) / 32][Stage 24:=&gt;              (2 + 28) / 32][Stage 23:===============&gt;(30 + 2) / 32][Stage 24:=====&gt;         (12 + 20) / 32]                                                                                <br/></div></td></tr></tbody>
      <tbody class="skipped results-table-row">
        <tr>
          <td class="col-result">Skipped</td>
          <td class="col-name">tests/integration/registration/test_universal_types.py::test_feature_get_online_features_types_match[TypeTestConfig(feature_dtype=&apos;int32&apos;, feature_is_list=True, has_empty_list=True)-environment0]</td>
          <td class="col-duration">0.00</td>
          <td class="col-links"></td></tr>
        <tr>
          <td class="extra" colspan="4">
            <div class="log">[gw1] linux -- Python 3.10.6 /usr/local/bin/python<br/>[gw1] linux -- Python 3.10.6 /usr/local/bin/python<br/>(&#x27;/root/feast/sdk/python/tests/integration/registration/test_universal_types.py&#x27;, 135, &quot;Skipped: got empty parameter set [&#x27;environment&#x27;], function test_feature_get_online_features_types_match at /root/feast/sdk/python/tests/integration/registration/test_universal_types.py:134&quot;)[gw1] linux -- Python 3.10.6 /usr/local/bin/python<br/></div></td></tr></tbody>
      <tbody class="skipped results-table-row">
        <tr>
          <td class="col-result">Skipped</td>
          <td class="col-name">tests/integration/registration/test_universal_types.py::test_feature_get_online_features_types_match[TypeTestConfig(feature_dtype=&apos;float&apos;, feature_is_list=False, has_empty_list=False)-environment0]</td>
          <td class="col-duration">0.00</td>
          <td class="col-links"></td></tr>
        <tr>
          <td class="extra" colspan="4">
            <div class="log">[gw1] linux -- Python 3.10.6 /usr/local/bin/python<br/>[gw1] linux -- Python 3.10.6 /usr/local/bin/python<br/>(&#x27;/root/feast/sdk/python/tests/integration/registration/test_universal_types.py&#x27;, 135, &quot;Skipped: got empty parameter set [&#x27;environment&#x27;], function test_feature_get_online_features_types_match at /root/feast/sdk/python/tests/integration/registration/test_universal_types.py:134&quot;)[gw1] linux -- Python 3.10.6 /usr/local/bin/python<br/></div></td></tr></tbody>
      <tbody class="skipped results-table-row">
        <tr>
          <td class="col-result">Skipped</td>
          <td class="col-name">tests/integration/registration/test_universal_types.py::test_feature_get_online_features_types_match[TypeTestConfig(feature_dtype=&apos;bool&apos;, feature_is_list=True, has_empty_list=True)-environment0]</td>
          <td class="col-duration">0.00</td>
          <td class="col-links"></td></tr>
        <tr>
          <td class="extra" colspan="4">
            <div class="log">[gw1] linux -- Python 3.10.6 /usr/local/bin/python<br/>[gw1] linux -- Python 3.10.6 /usr/local/bin/python<br/>(&#x27;/root/feast/sdk/python/tests/integration/registration/test_universal_types.py&#x27;, 135, &quot;Skipped: got empty parameter set [&#x27;environment&#x27;], function test_feature_get_online_features_types_match at /root/feast/sdk/python/tests/integration/registration/test_universal_types.py:134&quot;)[gw1] linux -- Python 3.10.6 /usr/local/bin/python<br/></div></td></tr></tbody>
      <tbody class="skipped results-table-row">
        <tr>
          <td class="col-result">Skipped</td>
          <td class="col-name">tests/integration/registration/test_universal_types.py::test_feature_get_online_features_types_match[TypeTestConfig(feature_dtype=&apos;bool&apos;, feature_is_list=True, has_empty_list=False)-environment0]</td>
          <td class="col-duration">0.00</td>
          <td class="col-links"></td></tr>
        <tr>
          <td class="extra" colspan="4">
            <div class="log">[gw1] linux -- Python 3.10.6 /usr/local/bin/python<br/>[gw1] linux -- Python 3.10.6 /usr/local/bin/python<br/>(&#x27;/root/feast/sdk/python/tests/integration/registration/test_universal_types.py&#x27;, 135, &quot;Skipped: got empty parameter set [&#x27;environment&#x27;], function test_feature_get_online_features_types_match at /root/feast/sdk/python/tests/integration/registration/test_universal_types.py:134&quot;)[gw1] linux -- Python 3.10.6 /usr/local/bin/python<br/></div></td></tr></tbody>
      <tbody class="skipped results-table-row">
        <tr>
          <td class="col-result">Skipped</td>
          <td class="col-name">tests/integration/registration/test_universal_types.py::test_feature_get_online_features_types_match[TypeTestConfig(feature_dtype=&apos;bool&apos;, feature_is_list=False, has_empty_list=False)-environment0]</td>
          <td class="col-duration">0.00</td>
          <td class="col-links"></td></tr>
        <tr>
          <td class="extra" colspan="4">
            <div class="log">[gw1] linux -- Python 3.10.6 /usr/local/bin/python<br/>[gw1] linux -- Python 3.10.6 /usr/local/bin/python<br/>(&#x27;/root/feast/sdk/python/tests/integration/registration/test_universal_types.py&#x27;, 135, &quot;Skipped: got empty parameter set [&#x27;environment&#x27;], function test_feature_get_online_features_types_match at /root/feast/sdk/python/tests/integration/registration/test_universal_types.py:134&quot;)[gw1] linux -- Python 3.10.6 /usr/local/bin/python<br/></div></td></tr></tbody>
      <tbody class="skipped results-table-row">
        <tr>
          <td class="col-result">Skipped</td>
          <td class="col-name">tests/integration/registration/test_universal_types.py::test_feature_get_online_features_types_match[TypeTestConfig(feature_dtype=&apos;datetime&apos;, feature_is_list=True, has_empty_list=True)-environment0]</td>
          <td class="col-duration">0.00</td>
          <td class="col-links"></td></tr>
        <tr>
          <td class="extra" colspan="4">
            <div class="log">[gw1] linux -- Python 3.10.6 /usr/local/bin/python<br/>[gw1] linux -- Python 3.10.6 /usr/local/bin/python<br/>(&#x27;/root/feast/sdk/python/tests/integration/registration/test_universal_types.py&#x27;, 135, &quot;Skipped: got empty parameter set [&#x27;environment&#x27;], function test_feature_get_online_features_types_match at /root/feast/sdk/python/tests/integration/registration/test_universal_types.py:134&quot;)[gw1] linux -- Python 3.10.6 /usr/local/bin/python<br/></div></td></tr></tbody>
      <tbody class="skipped results-table-row">
        <tr>
          <td class="col-result">Skipped</td>
          <td class="col-name">tests/integration/registration/test_universal_types.py::test_feature_get_online_features_types_match[TypeTestConfig(feature_dtype=&apos;datetime&apos;, feature_is_list=True, has_empty_list=False)-environment0]</td>
          <td class="col-duration">0.00</td>
          <td class="col-links"></td></tr>
        <tr>
          <td class="extra" colspan="4">
            <div class="log">[gw1] linux -- Python 3.10.6 /usr/local/bin/python<br/>[gw1] linux -- Python 3.10.6 /usr/local/bin/python<br/>(&#x27;/root/feast/sdk/python/tests/integration/registration/test_universal_types.py&#x27;, 135, &quot;Skipped: got empty parameter set [&#x27;environment&#x27;], function test_feature_get_online_features_types_match at /root/feast/sdk/python/tests/integration/registration/test_universal_types.py:134&quot;)[gw1] linux -- Python 3.10.6 /usr/local/bin/python<br/></div></td></tr></tbody>
      <tbody class="skipped results-table-row">
        <tr>
          <td class="col-result">Skipped</td>
          <td class="col-name">tests/integration/registration/test_universal_types.py::test_feature_get_online_features_types_match[TypeTestConfig(feature_dtype=&apos;datetime&apos;, feature_is_list=False, has_empty_list=False)-environment0]</td>
          <td class="col-duration">0.00</td>
          <td class="col-links"></td></tr>
        <tr>
          <td class="extra" colspan="4">
            <div class="log">[gw1] linux -- Python 3.10.6 /usr/local/bin/python<br/>[gw1] linux -- Python 3.10.6 /usr/local/bin/python<br/>(&#x27;/root/feast/sdk/python/tests/integration/registration/test_universal_types.py&#x27;, 135, &quot;Skipped: got empty parameter set [&#x27;environment&#x27;], function test_feature_get_online_features_types_match at /root/feast/sdk/python/tests/integration/registration/test_universal_types.py:134&quot;)[gw1] linux -- Python 3.10.6 /usr/local/bin/python<br/></div></td></tr></tbody>
      <tbody class="skipped results-table-row">
        <tr>
          <td class="col-result">Skipped</td>
          <td class="col-name">tests/integration/registration/test_universal_types.py::test_feature_get_online_features_types_match[TypeTestConfig(feature_dtype=&apos;int32&apos;, feature_is_list=True, has_empty_list=False)-environment0]</td>
          <td class="col-duration">0.00</td>
          <td class="col-links"></td></tr>
        <tr>
          <td class="extra" colspan="4">
            <div class="log">[gw5] linux -- Python 3.10.6 /usr/local/bin/python<br/>[gw5] linux -- Python 3.10.6 /usr/local/bin/python<br/>(&#x27;/root/feast/sdk/python/tests/integration/registration/test_universal_types.py&#x27;, 135, &quot;Skipped: got empty parameter set [&#x27;environment&#x27;], function test_feature_get_online_features_types_match at /root/feast/sdk/python/tests/integration/registration/test_universal_types.py:134&quot;)[gw5] linux -- Python 3.10.6 /usr/local/bin/python<br/></div></td></tr></tbody>
      <tbody class="skipped results-table-row">
        <tr>
          <td class="col-result">Skipped</td>
          <td class="col-name">tests/integration/registration/test_universal_types.py::test_feature_get_online_features_types_match[TypeTestConfig(feature_dtype=&apos;int32&apos;, feature_is_list=False, has_empty_list=False)-environment0]</td>
          <td class="col-duration">0.00</td>
          <td class="col-links"></td></tr>
        <tr>
          <td class="extra" colspan="4">
            <div class="log">[gw3] linux -- Python 3.10.6 /usr/local/bin/python<br/>[gw3] linux -- Python 3.10.6 /usr/local/bin/python<br/>(&#x27;/root/feast/sdk/python/tests/integration/registration/test_universal_types.py&#x27;, 135, &quot;Skipped: got empty parameter set [&#x27;environment&#x27;], function test_feature_get_online_features_types_match at /root/feast/sdk/python/tests/integration/registration/test_universal_types.py:134&quot;)[gw3] linux -- Python 3.10.6 /usr/local/bin/python<br/></div></td></tr></tbody>
      <tbody class="skipped results-table-row">
        <tr>
          <td class="col-result">Skipped</td>
          <td class="col-name">tests/integration/registration/test_universal_types.py::test_feature_get_online_features_types_match[TypeTestConfig(feature_dtype=&apos;int64&apos;, feature_is_list=True, has_empty_list=True)-environment0]</td>
          <td class="col-duration">0.00</td>
          <td class="col-links"></td></tr>
        <tr>
          <td class="extra" colspan="4">
            <div class="log">[gw4] linux -- Python 3.10.6 /usr/local/bin/python<br/>[gw4] linux -- Python 3.10.6 /usr/local/bin/python<br/>(&#x27;/root/feast/sdk/python/tests/integration/registration/test_universal_types.py&#x27;, 135, &quot;Skipped: got empty parameter set [&#x27;environment&#x27;], function test_feature_get_online_features_types_match at /root/feast/sdk/python/tests/integration/registration/test_universal_types.py:134&quot;)[gw4] linux -- Python 3.10.6 /usr/local/bin/python<br/></div></td></tr></tbody>
      <tbody class="skipped results-table-row">
        <tr>
          <td class="col-result">Skipped</td>
          <td class="col-name">tests/integration/registration/test_universal_types.py::test_feature_get_online_features_types_match[TypeTestConfig(feature_dtype=&apos;int64&apos;, feature_is_list=True, has_empty_list=False)-environment0]</td>
          <td class="col-duration">0.00</td>
          <td class="col-links"></td></tr>
        <tr>
          <td class="extra" colspan="4">
            <div class="log">[gw6] linux -- Python 3.10.6 /usr/local/bin/python<br/>[gw6] linux -- Python 3.10.6 /usr/local/bin/python<br/>(&#x27;/root/feast/sdk/python/tests/integration/registration/test_universal_types.py&#x27;, 135, &quot;Skipped: got empty parameter set [&#x27;environment&#x27;], function test_feature_get_online_features_types_match at /root/feast/sdk/python/tests/integration/registration/test_universal_types.py:134&quot;)[gw6] linux -- Python 3.10.6 /usr/local/bin/python<br/></div></td></tr></tbody>
      <tbody class="skipped results-table-row">
        <tr>
          <td class="col-result">Skipped</td>
          <td class="col-name">tests/integration/registration/test_universal_types.py::test_feature_get_online_features_types_match[TypeTestConfig(feature_dtype=&apos;int64&apos;, feature_is_list=False, has_empty_list=False)-environment0]</td>
          <td class="col-duration">0.00</td>
          <td class="col-links"></td></tr>
        <tr>
          <td class="extra" colspan="4">
            <div class="log">[gw7] linux -- Python 3.10.6 /usr/local/bin/python<br/>[gw7] linux -- Python 3.10.6 /usr/local/bin/python<br/>(&#x27;/root/feast/sdk/python/tests/integration/registration/test_universal_types.py&#x27;, 135, &quot;Skipped: got empty parameter set [&#x27;environment&#x27;], function test_feature_get_online_features_types_match at /root/feast/sdk/python/tests/integration/registration/test_universal_types.py:134&quot;)[gw7] linux -- Python 3.10.6 /usr/local/bin/python<br/></div></td></tr></tbody>
      <tbody class="skipped results-table-row">
        <tr>
          <td class="col-result">Skipped</td>
          <td class="col-name">tests/integration/registration/test_universal_types.py::test_feature_get_online_features_types_match[TypeTestConfig(feature_dtype=&apos;float&apos;, feature_is_list=True, has_empty_list=False)-environment0]</td>
          <td class="col-duration">0.00</td>
          <td class="col-links"></td></tr>
        <tr>
          <td class="extra" colspan="4">
            <div class="log">[gw2] linux -- Python 3.10.6 /usr/local/bin/python<br/>[gw2] linux -- Python 3.10.6 /usr/local/bin/python<br/>(&#x27;/root/feast/sdk/python/tests/integration/registration/test_universal_types.py&#x27;, 135, &quot;Skipped: got empty parameter set [&#x27;environment&#x27;], function test_feature_get_online_features_types_match at /root/feast/sdk/python/tests/integration/registration/test_universal_types.py:134&quot;)[gw2] linux -- Python 3.10.6 /usr/local/bin/python<br/></div></td></tr></tbody>
      <tbody class="skipped results-table-row">
        <tr>
          <td class="col-result">Skipped</td>
          <td class="col-name">tests/integration/registration/test_universal_types.py::test_feature_get_online_features_types_match[TypeTestConfig(feature_dtype=&apos;float&apos;, feature_is_list=True, has_empty_list=True)-environment0]</td>
          <td class="col-duration">0.00</td>
          <td class="col-links"></td></tr>
        <tr>
          <td class="extra" colspan="4">
            <div class="log">[gw0] linux -- Python 3.10.6 /usr/local/bin/python<br/>[gw0] linux -- Python 3.10.6 /usr/local/bin/python<br/>(&#x27;/root/feast/sdk/python/tests/integration/registration/test_universal_types.py&#x27;, 135, &quot;Skipped: got empty parameter set [&#x27;environment&#x27;], function test_feature_get_online_features_types_match at /root/feast/sdk/python/tests/integration/registration/test_universal_types.py:134&quot;)[gw0] linux -- Python 3.10.6 /usr/local/bin/python<br/></div></td></tr></tbody>
      <tbody class="passed results-table-row">
        <tr>
          <td class="col-result">Passed</td>
          <td class="col-name">tests/integration/registration/test_universal_types.py::test_entity_inference_types_match[LOCAL:Spark:RedisOnlineStoreCreator:python_fs:False:go_fs:False-Int32]</td>
          <td class="col-duration">8.60</td>
          <td class="col-links"></td></tr>
        <tr>
          <td class="extra" colspan="4">
            <div class="log">[gw0] linux -- Python 3.10.6 /usr/local/bin/python<br/>[gw0] linux -- Python 3.10.6 /usr/local/bin/python[gw0] linux -- Python 3.10.6 /usr/local/bin/python[gw0] linux -- Python 3.10.6 /usr/local/bin/python<br/> -----------------------------Captured stdout setup------------------------------ <br/>22/08/11 11:17:27 WARN NativeCodeLoader: Unable to load native-hadoop library for your platform... using builtin-java classes where applicable
22/08/11 11:17:29 WARN Utils: Service &#x27;SparkUI&#x27; could not bind on port 4040. Attempting port 4041.
22/08/11 11:17:29 WARN Utils: Service &#x27;SparkUI&#x27; could not bind on port 4041. Attempting port 4042.
22/08/11 11:17:29 WARN Utils: Service &#x27;SparkUI&#x27; could not bind on port 4042. Attempting port 4043.
<br/> -----------------------------Captured stderr setup------------------------------ <br/>Warning: Ignoring non-Spark config property: master
Setting default log level to &quot;WARN&quot;.
To adjust logging level use sc.setLogLevel(newLevel). For SparkR, use setLogLevel(newLevel).
<br/></div></td></tr></tbody>
      <tbody class="passed results-table-row">
        <tr>
          <td class="col-result">Passed</td>
          <td class="col-name">tests/integration/registration/test_universal_types.py::test_entity_inference_types_match[LOCAL:Spark:RedisOnlineStoreCreator:python_fs:False:go_fs:False-String]</td>
          <td class="col-duration">8.60</td>
          <td class="col-links"></td></tr>
        <tr>
          <td class="extra" colspan="4">
            <div class="log">[gw2] linux -- Python 3.10.6 /usr/local/bin/python<br/>[gw2] linux -- Python 3.10.6 /usr/local/bin/python[gw2] linux -- Python 3.10.6 /usr/local/bin/python[gw2] linux -- Python 3.10.6 /usr/local/bin/python<br/> -----------------------------Captured stdout setup------------------------------ <br/>22/08/11 11:17:27 WARN NativeCodeLoader: Unable to load native-hadoop library for your platform... using builtin-java classes where applicable
22/08/11 11:17:29 WARN Utils: Service &#x27;SparkUI&#x27; could not bind on port 4040. Attempting port 4041.
22/08/11 11:17:29 WARN Utils: Service &#x27;SparkUI&#x27; could not bind on port 4041. Attempting port 4042.
22/08/11 11:17:29 WARN Utils: Service &#x27;SparkUI&#x27; could not bind on port 4042. Attempting port 4043.
22/08/11 11:17:29 WARN Utils: Service &#x27;SparkUI&#x27; could not bind on port 4043. Attempting port 4044.
<br/> -----------------------------Captured stderr setup------------------------------ <br/>Warning: Ignoring non-Spark config property: master
Setting default log level to &quot;WARN&quot;.
To adjust logging level use sc.setLogLevel(newLevel). For SparkR, use setLogLevel(newLevel).
<br/></div></td></tr></tbody>
      <tbody class="passed results-table-row">
        <tr>
          <td class="col-result">Passed</td>
          <td class="col-name">tests/integration/registration/test_universal_types.py::test_entity_inference_types_match[LOCAL:Spark:RedisOnlineStoreCreator:python_fs:False:go_fs:False-Int64]</td>
          <td class="col-duration">8.65</td>
          <td class="col-links"></td></tr>
        <tr>
          <td class="extra" colspan="4">
            <div class="log">[gw1] linux -- Python 3.10.6 /usr/local/bin/python<br/>[gw1] linux -- Python 3.10.6 /usr/local/bin/python[gw1] linux -- Python 3.10.6 /usr/local/bin/python[gw1] linux -- Python 3.10.6 /usr/local/bin/python<br/> -----------------------------Captured stdout setup------------------------------ <br/>22/08/11 11:17:28 WARN NativeCodeLoader: Unable to load native-hadoop library for your platform... using builtin-java classes where applicable
22/08/11 11:17:29 WARN Utils: Service &#x27;SparkUI&#x27; could not bind on port 4040. Attempting port 4041.
22/08/11 11:17:29 WARN Utils: Service &#x27;SparkUI&#x27; could not bind on port 4041. Attempting port 4042.
22/08/11 11:17:29 WARN Utils: Service &#x27;SparkUI&#x27; could not bind on port 4042. Attempting port 4043.
22/08/11 11:17:29 WARN Utils: Service &#x27;SparkUI&#x27; could not bind on port 4043. Attempting port 4044.
22/08/11 11:17:29 WARN Utils: Service &#x27;SparkUI&#x27; could not bind on port 4044. Attempting port 4045.
22/08/11 11:17:29 WARN Utils: Service &#x27;SparkUI&#x27; could not bind on port 4045. Attempting port 4046.
22/08/11 11:17:29 WARN Utils: Service &#x27;SparkUI&#x27; could not bind on port 4046. Attempting port 4047.
<br/> -----------------------------Captured stderr setup------------------------------ <br/>Warning: Ignoring non-Spark config property: master
Setting default log level to &quot;WARN&quot;.
To adjust logging level use sc.setLogLevel(newLevel). For SparkR, use setLogLevel(newLevel).
<br/></div></td></tr></tbody>
      <tbody class="passed results-table-row">
        <tr>
          <td class="col-result">Passed</td>
          <td class="col-name">tests/integration/registration/test_universal_types.py::test_feature_get_historical_features_types_match[TypeTestConfig(feature_dtype=&apos;int32&apos;, feature_is_list=True, has_empty_list=False)-LOCAL:Spark:RedisOnlineStoreCreator:python_fs:False:go_fs:False]</td>
          <td class="col-duration">30.77</td>
          <td class="col-links"></td></tr>
        <tr>
          <td class="extra" colspan="4">
            <div class="log">[gw4] linux -- Python 3.10.6 /usr/local/bin/python<br/>[gw4] linux -- Python 3.10.6 /usr/local/bin/python[gw4] linux -- Python 3.10.6 /usr/local/bin/python[gw4] linux -- Python 3.10.6 /usr/local/bin/python<br/> -----------------------------Captured stdout setup------------------------------ <br/>22/08/11 11:17:27 WARN NativeCodeLoader: Unable to load native-hadoop library for your platform... using builtin-java classes where applicable
<br/> -----------------------------Captured stderr setup------------------------------ <br/>Warning: Ignoring non-Spark config property: master
Setting default log level to &quot;WARN&quot;.
To adjust logging level use sc.setLogLevel(newLevel). For SparkR, use setLogLevel(newLevel).
<br/> ------------------------------Captured stdout call------------------------------ <br/>Using ts as the event timestamp. To specify a column explicitly, please name it event_timestamp.
   driver_id                      ts   value
0          1 2022-08-11 07:17:33.183  [1, 1]
1          3 2022-08-11 09:17:33.183  [4, 4]
Asserting historical feature list types
Asserting historical feature arrow types
pyarrow.Table
driver_id: int64
ts: timestamp[ns]
value: list&lt;item: int64&gt;
  child 0, item: int64
----
driver_id: [[1,3]]
ts: [[2022-08-11 07:17:33.183000000,2022-08-11 09:17:33.183000000]]
value: [[[1,1],[4,4]]]
<br/> ------------------------------Captured stderr call------------------------------ <br/>[Stage 0:&gt;                                                         (0 + 0) / 32][Stage 0:&gt;                (0 + 32) / 32][Stage 1:&gt;                 (0 + 0) / 32][Stage 0:&gt;  (0 + 32) / 32][Stage 1:&gt;   (0 + 0) / 32][Stage 2:&gt;   (0 + 0) / 32][Stage 0:&gt;  (2 + 30) / 32][Stage 1:&gt;   (0 + 3) / 32][Stage 2:&gt;   (0 + 0) / 32][Stage 0:&gt;  (4 + 28) / 32][Stage 1:&gt;  (0 + 14) / 32][Stage 2:&gt;   (0 + 0) / 32][Stage 0:&gt;  (5 + 27) / 32][Stage 1:&gt;  (0 + 14) / 32][Stage 2:&gt;   (0 + 0) / 32][Stage 0:&gt; (12 + 20) / 32][Stage 1:&gt;  (0 + 15) / 32][Stage 2:&gt;   (0 + 0) / 32][Stage 0:&gt; (13 + 19) / 32][Stage 1:&gt;  (0 + 16) / 32][Stage 2:&gt;   (0 + 0) / 32][Stage 0:&gt; (14 + 18) / 32][Stage 1:&gt;  (0 + 16) / 32][Stage 2:&gt;   (0 + 0) / 32][Stage 2:&gt;  (0 + 32) / 32][Stage 3:&gt;   (0 + 0) / 32][Stage 4:&gt;   (0 + 0) / 32][Stage 2:=&gt;(17 + 15) / 32][Stage 3:&gt;  (0 + 17) / 32][Stage 4:&gt;   (0 + 0) / 32][Stage 3:&gt;                (0 + 32) / 32][Stage 4:&gt;                 (0 + 0) / 32][Stage 3:========&gt;       (17 + 15) / 32][Stage 4:&gt;                (0 + 17) / 32][Stage 3:==========&gt;     (20 + 12) / 32][Stage 4:=&gt;               (3 + 20) / 32][Stage 3:============&gt;    (24 + 8) / 32][Stage 4:===&gt;             (7 + 24) / 32][Stage 3:===============&gt; (29 + 3) / 32][Stage 4:====&gt;            (9 + 23) / 32][Stage 3:================&gt;(31 + 1) / 32][Stage 4:======&gt;         (13 + 19) / 32][Stage 3:================&gt;(31 + 1) / 32][Stage 4:=========&gt;      (18 + 14) / 32]                                                                                [Stage 20:&gt;                (0 + 0) / 32][Stage 21:&gt;                (0 + 0) / 32][Stage 20:&gt;               (0 + 32) / 32][Stage 21:&gt;                (0 + 0) / 32][Stage 20:&gt; (0 + 32) / 32][Stage 21:&gt;  (0 + 0) / 32][Stage 22:&gt;  (0 + 0) / 32][Stage 20:=&gt;(30 + 2) / 32][Stage 21:&gt;(19 + 13) / 32][Stage 22:&gt; (2 + 17) / 32][Stage 20:=&gt;(30 + 2) / 32][Stage 21:=&gt;(24 + 8) / 32][Stage 22:&gt; (3 + 22) / 32][Stage 20:=&gt;(31 + 1) / 32][Stage 21:=&gt;(28 + 4) / 32][Stage 22:&gt; (4 + 27) / 32][Stage 20:=&gt;(31 + 1) / 32][Stage 21:=&gt;(30 + 2) / 32][Stage 22:&gt; (6 + 26) / 32][Stage 21:=&gt;(30 + 2) / 32][Stage 22:&gt;(11 + 21) / 32][Stage 23:&gt;  (0 + 9) / 32][Stage 22:&gt;(22 + 10) / 32][Stage 23:&gt; (3 + 22) / 32][Stage 24:&gt;  (0 + 0) / 32][Stage 22:=&gt;(29 + 3) / 32][Stage 23:&gt;(17 + 15) / 32][Stage 24:&gt; (1 + 15) / 32][Stage 23:===============&gt;(30 + 2) / 32][Stage 24:=====&gt;         (12 + 20) / 32][Stage 24:================================&gt;                      (19 + 13) / 32]                                                                                <br/></div></td></tr></tbody>
      <tbody class="passed results-table-row">
        <tr>
          <td class="col-result">Passed</td>
          <td class="col-name">tests/integration/registration/test_universal_types.py::test_feature_get_historical_features_types_match[TypeTestConfig(feature_dtype=&apos;int64&apos;, feature_is_list=True, has_empty_list=False)-LOCAL:Spark:RedisOnlineStoreCreator:python_fs:False:go_fs:False]</td>
          <td class="col-duration">31.21</td>
          <td class="col-links"></td></tr>
        <tr>
          <td class="extra" colspan="4">
            <div class="log">[gw7] linux -- Python 3.10.6 /usr/local/bin/python<br/>[gw7] linux -- Python 3.10.6 /usr/local/bin/python[gw7] linux -- Python 3.10.6 /usr/local/bin/python[gw7] linux -- Python 3.10.6 /usr/local/bin/python<br/> -----------------------------Captured stdout setup------------------------------ <br/>22/08/11 11:17:27 WARN NativeCodeLoader: Unable to load native-hadoop library for your platform... using builtin-java classes where applicable
22/08/11 11:17:29 WARN Utils: Service &#x27;SparkUI&#x27; could not bind on port 4040. Attempting port 4041.
22/08/11 11:17:29 WARN Utils: Service &#x27;SparkUI&#x27; could not bind on port 4041. Attempting port 4042.
22/08/11 11:17:29 WARN Utils: Service &#x27;SparkUI&#x27; could not bind on port 4042. Attempting port 4043.
22/08/11 11:17:29 WARN Utils: Service &#x27;SparkUI&#x27; could not bind on port 4043. Attempting port 4044.
22/08/11 11:17:29 WARN Utils: Service &#x27;SparkUI&#x27; could not bind on port 4044. Attempting port 4045.
22/08/11 11:17:29 WARN Utils: Service &#x27;SparkUI&#x27; could not bind on port 4045. Attempting port 4046.
<br/> -----------------------------Captured stderr setup------------------------------ <br/>Warning: Ignoring non-Spark config property: master
Setting default log level to &quot;WARN&quot;.
To adjust logging level use sc.setLogLevel(newLevel). For SparkR, use setLogLevel(newLevel).
<br/> ------------------------------Captured stdout call------------------------------ <br/>Using ts as the event timestamp. To specify a column explicitly, please name it event_timestamp.
   driver_id                      ts   value
0          1 2022-08-11 07:17:33.199  [1, 1]
1          3 2022-08-11 09:17:33.199  [4, 4]
Asserting historical feature list types
Asserting historical feature arrow types
pyarrow.Table
driver_id: int64
ts: timestamp[ns]
value: list&lt;item: int64&gt;
  child 0, item: int64
----
driver_id: [[1,3]]
ts: [[2022-08-11 07:17:33.199000000,2022-08-11 09:17:33.199000000]]
value: [[[1,1],[4,4]]]
<br/> ------------------------------Captured stderr call------------------------------ <br/>[Stage 0:&gt;                                                         (0 + 0) / 32][Stage 0:&gt;                (0 + 23) / 32][Stage 1:&gt;                 (0 + 0) / 32][Stage 0:&gt;  (0 + 32) / 32][Stage 1:&gt;   (0 + 0) / 32][Stage 2:&gt;   (0 + 0) / 32][Stage 0:&gt;  (0 + 32) / 32][Stage 1:&gt;   (0 + 3) / 32][Stage 2:&gt;   (0 + 0) / 32][Stage 0:&gt;  (0 + 32) / 32][Stage 1:&gt;  (0 + 10) / 32][Stage 2:&gt;   (0 + 0) / 32][Stage 0:&gt;  (1 + 31) / 32][Stage 1:&gt;  (0 + 10) / 32][Stage 2:&gt;   (0 + 0) / 32][Stage 0:&gt;  (2 + 30) / 32][Stage 1:&gt;  (0 + 10) / 32][Stage 2:&gt;   (0 + 0) / 32][Stage 0:&gt;  (7 + 25) / 32][Stage 1:&gt;  (0 + 10) / 32][Stage 2:&gt;   (0 + 0) / 32][Stage 0:&gt;  (9 + 23) / 32][Stage 1:&gt;  (0 + 10) / 32][Stage 2:&gt;   (0 + 0) / 32][Stage 0:&gt; (10 + 22) / 32][Stage 1:&gt;  (0 + 16) / 32][Stage 2:&gt;   (0 + 0) / 32][Stage 0:&gt; (11 + 21) / 32][Stage 1:&gt;  (0 + 16) / 32][Stage 2:&gt;   (0 + 0) / 32][Stage 0:&gt; (12 + 20) / 32][Stage 1:&gt;  (0 + 16) / 32][Stage 2:&gt;   (0 + 0) / 32][Stage 0:&gt; (13 + 19) / 32][Stage 1:&gt;  (0 + 17) / 32][Stage 2:&gt;   (0 + 0) / 32][Stage 4:============&gt;                                            (7 + 25) / 32]                                                                                [Stage 20:&gt;                                                       (0 + 25) / 32][Stage 20:&gt;               (0 + 25) / 32][Stage 21:&gt;                (0 + 0) / 32][Stage 20:&gt;               (0 + 32) / 32][Stage 21:&gt;                (0 + 0) / 32][Stage 20:&gt; (0 + 32) / 32][Stage 21:&gt;  (0 + 0) / 32][Stage 22:&gt;  (0 + 0) / 32][Stage 23:==========&gt;                                             (6 + 26) / 32][Stage 23:=======&gt;       (16 + 16) / 32][Stage 24:==&gt;             (4 + 16) / 32][Stage 23:=============&gt;  (26 + 6) / 32][Stage 24:==&gt;             (4 + 26) / 32][Stage 23:=============&gt;  (27 + 5) / 32][Stage 24:==&gt;             (4 + 28) / 32][Stage 23:==============&gt; (29 + 3) / 32][Stage 24:====&gt;           (9 + 23) / 32][Stage 23:===============&gt;(31 + 1) / 32][Stage 24:========&gt;      (19 + 13) / 32][Stage 23:===============&gt;(31 + 1) / 32][Stage 24:==============&gt; (28 + 4) / 32]                                                                                <br/></div></td></tr></tbody>
      <tbody class="passed results-table-row">
        <tr>
          <td class="col-result">Passed</td>
          <td class="col-name">tests/integration/registration/test_universal_types.py::test_feature_get_historical_features_types_match[TypeTestConfig(feature_dtype=&apos;int32&apos;, feature_is_list=False, has_empty_list=False)-LOCAL:Spark:RedisOnlineStoreCreator:python_fs:False:go_fs:False]</td>
          <td class="col-duration">30.46</td>
          <td class="col-links"></td></tr>
        <tr>
          <td class="extra" colspan="4">
            <div class="log">[gw5] linux -- Python 3.10.6 /usr/local/bin/python<br/>[gw5] linux -- Python 3.10.6 /usr/local/bin/python[gw5] linux -- Python 3.10.6 /usr/local/bin/python[gw5] linux -- Python 3.10.6 /usr/local/bin/python<br/> -----------------------------Captured stdout setup------------------------------ <br/>22/08/11 11:17:27 WARN NativeCodeLoader: Unable to load native-hadoop library for your platform... using builtin-java classes where applicable
22/08/11 11:17:29 WARN Utils: Service &#x27;SparkUI&#x27; could not bind on port 4040. Attempting port 4041.
22/08/11 11:17:29 WARN Utils: Service &#x27;SparkUI&#x27; could not bind on port 4041. Attempting port 4042.
<br/> -----------------------------Captured stderr setup------------------------------ <br/>Warning: Ignoring non-Spark config property: master
Setting default log level to &quot;WARN&quot;.
To adjust logging level use sc.setLogLevel(newLevel). For SparkR, use setLogLevel(newLevel).
<br/> ------------------------------Captured stdout call------------------------------ <br/>Using ts as the event timestamp. To specify a column explicitly, please name it event_timestamp.
   driver_id                      ts  value
0          1 2022-08-11 07:17:33.411      1
1          3 2022-08-11 09:17:33.411      4
Asserting historical feature types
Asserting historical feature arrow types
pyarrow.Table
driver_id: int64
ts: timestamp[ns]
value: int64
----
driver_id: [[1,3]]
ts: [[2022-08-11 07:17:33.411000000,2022-08-11 09:17:33.411000000]]
value: [[1,4]]
<br/> ------------------------------Captured stderr call------------------------------ <br/>[Stage 0:&gt;                                                         (0 + 0) / 32][Stage 0:&gt;  (0 + 32) / 32][Stage 1:&gt;   (0 + 0) / 32][Stage 2:&gt;   (0 + 0) / 32][Stage 0:&gt;  (0 + 32) / 32][Stage 1:&gt;   (0 + 1) / 32][Stage 2:&gt;   (0 + 0) / 32][Stage 0:&gt;  (1 + 31) / 32][Stage 1:&gt;   (0 + 3) / 32][Stage 2:&gt;   (0 + 0) / 32][Stage 0:&gt;  (3 + 29) / 32][Stage 1:&gt;   (0 + 4) / 32][Stage 2:&gt;   (0 + 0) / 32][Stage 0:&gt;  (5 + 27) / 32][Stage 1:&gt;   (0 + 5) / 32][Stage 2:&gt;   (0 + 0) / 32][Stage 0:&gt;  (6 + 26) / 32][Stage 1:&gt;   (0 + 5) / 32][Stage 2:&gt;   (0 + 0) / 32][Stage 0:&gt;  (8 + 24) / 32][Stage 1:&gt;   (0 + 8) / 32][Stage 2:&gt;   (0 + 0) / 32][Stage 0:===(32 + 0) / 32][Stage 1:&gt;  (0 + 31) / 32][Stage 2:&gt;   (0 + 0) / 32][Stage 2:&gt;  (1 + 31) / 32][Stage 3:&gt;   (0 + 7) / 32][Stage 4:&gt;   (0 + 0) / 32][Stage 2:&gt;  (2 + 30) / 32][Stage 3:&gt;   (0 + 7) / 32][Stage 4:&gt;   (0 + 0) / 32][Stage 2:&gt;  (3 + 29) / 32][Stage 3:&gt;   (0 + 7) / 32][Stage 4:&gt;   (0 + 0) / 32][Stage 2:&gt;  (4 + 28) / 32][Stage 3:&gt;   (0 + 7) / 32][Stage 4:&gt;   (0 + 0) / 32][Stage 2:&gt;  (5 + 27) / 32][Stage 3:&gt;   (0 + 7) / 32][Stage 4:&gt;   (0 + 0) / 32][Stage 2:&gt;  (6 + 26) / 32][Stage 3:&gt;   (0 + 7) / 32][Stage 4:&gt;   (0 + 0) / 32][Stage 2:&gt; (12 + 20) / 32][Stage 3:&gt;  (0 + 13) / 32][Stage 4:&gt;   (0 + 0) / 32]                                                                                [Stage 20:&gt;                                                       (0 + 10) / 32][Stage 20:&gt;               (0 + 10) / 32][Stage 21:&gt;                (0 + 0) / 32][Stage 20:&gt;               (0 + 32) / 32][Stage 21:&gt;                (0 + 0) / 32][Stage 20:&gt; (0 + 32) / 32][Stage 21:&gt;  (0 + 0) / 32][Stage 22:&gt;  (0 + 0) / 32][Stage 20:&gt; (9 + 23) / 32][Stage 21:&gt;  (0 + 0) / 32][Stage 22:&gt;  (0 + 0) / 32][Stage 21:&gt; (0 + 32) / 32][Stage 22:&gt;  (0 + 0) / 32][Stage 23:&gt;  (0 + 0) / 32][Stage 22:=&gt;(31 + 1) / 32][Stage 23:=&gt;(27 + 5) / 32][Stage 24:&gt; (5 + 27) / 32][Stage 23:===============&gt;(31 + 1) / 32][Stage 24:====&gt;           (8 + 24) / 32][Stage 24:==================&gt;                                    (11 + 21) / 32][Stage 24:==================================&gt;                    (20 + 12) / 32][Stage 24:==================================================&gt;     (29 + 3) / 32]                                                                                <br/></div></td></tr></tbody>
      <tbody class="passed results-table-row">
        <tr>
          <td class="col-result">Passed</td>
          <td class="col-name">tests/integration/registration/test_universal_types.py::test_feature_get_historical_features_types_match[TypeTestConfig(feature_dtype=&apos;int64&apos;, feature_is_list=False, has_empty_list=False)-LOCAL:Spark:RedisOnlineStoreCreator:python_fs:False:go_fs:False]</td>
          <td class="col-duration">23.21</td>
          <td class="col-links"></td></tr>
        <tr>
          <td class="extra" colspan="4">
            <div class="log">[gw0] linux -- Python 3.10.6 /usr/local/bin/python<br/>[gw0] linux -- Python 3.10.6 /usr/local/bin/python[gw0] linux -- Python 3.10.6 /usr/local/bin/python[gw0] linux -- Python 3.10.6 /usr/local/bin/python<br/> -----------------------------Captured stdout setup------------------------------ <br/>22/08/11 11:17:34 WARN Utils: Service &#x27;SparkUI&#x27; could not bind on port 4040. Attempting port 4041.
22/08/11 11:17:34 WARN Utils: Service &#x27;SparkUI&#x27; could not bind on port 4041. Attempting port 4042.
22/08/11 11:17:34 WARN Utils: Service &#x27;SparkUI&#x27; could not bind on port 4042. Attempting port 4043.
<br/> ------------------------------Captured stdout call------------------------------ <br/>Using ts as the event timestamp. To specify a column explicitly, please name it event_timestamp.
   driver_id                      ts  value
0          1 2022-08-11 07:17:34.608      1
1          3 2022-08-11 09:17:34.608      4
Asserting historical feature types
Asserting historical feature arrow types
pyarrow.Table
driver_id: int64
ts: timestamp[ns]
value: int64
----
driver_id: [[1,3]]
ts: [[2022-08-11 07:17:34.608000000,2022-08-11 09:17:34.608000000]]
value: [[1,4]]
<br/> ------------------------------Captured stderr call------------------------------ <br/>[Stage 0:&gt;                                                         (0 + 0) / 32][Stage 0:&gt;                (0 + 32) / 32][Stage 1:&gt;                 (0 + 0) / 32][Stage 0:&gt;  (0 + 32) / 32][Stage 1:&gt;   (0 + 0) / 32][Stage 2:&gt;   (0 + 0) / 32][Stage 0:&gt;  (0 + 32) / 32][Stage 1:&gt;   (0 + 3) / 32][Stage 2:&gt;   (0 + 0) / 32][Stage 0:&gt;  (1 + 31) / 32][Stage 1:&gt;   (0 + 7) / 32][Stage 2:&gt;   (0 + 0) / 32][Stage 0:&gt;  (2 + 30) / 32][Stage 1:&gt;   (0 + 7) / 32][Stage 2:&gt;   (0 + 0) / 32][Stage 0:&gt;  (4 + 28) / 32][Stage 1:&gt;   (0 + 7) / 32][Stage 2:&gt;   (0 + 0) / 32][Stage 0:&gt;  (6 + 26) / 32][Stage 1:&gt;   (0 + 7) / 32][Stage 2:&gt;   (0 + 0) / 32][Stage 0:&gt;  (9 + 23) / 32][Stage 1:&gt;   (0 + 8) / 32][Stage 2:&gt;   (0 + 0) / 32][Stage 0:&gt; (10 + 22) / 32][Stage 1:&gt;   (0 + 9) / 32][Stage 2:&gt;   (0 + 0) / 32][Stage 0:&gt; (11 + 21) / 32][Stage 1:&gt;  (0 + 11) / 32][Stage 2:&gt;   (0 + 0) / 32][Stage 0:&gt; (13 + 19) / 32][Stage 1:&gt;  (0 + 12) / 32][Stage 2:&gt;   (0 + 0) / 32][Stage 0:&gt; (14 + 18) / 32][Stage 1:&gt;  (0 + 18) / 32][Stage 2:&gt;   (0 + 0) / 32][Stage 3:================&gt;(31 + 1) / 32][Stage 4:&gt;                (0 + 32) / 32][Stage 3:================&gt;(31 + 1) / 32][Stage 4:&gt;                (1 + 31) / 32][Stage 3:================&gt;(31 + 1) / 32][Stage 4:=&gt;               (3 + 29) / 32]                                                                                [Stage 20:&gt;                                                       (0 + 32) / 32][Stage 20:&gt;               (0 + 32) / 32][Stage 21:&gt;                (0 + 0) / 32][Stage 20:&gt; (0 + 32) / 32][Stage 21:&gt;  (0 + 0) / 32][Stage 22:&gt;  (0 + 0) / 32][Stage 20:=&gt;(29 + 3) / 32][Stage 21:&gt;(12 + 20) / 32][Stage 22:&gt;  (0 + 9) / 32][Stage 21:&gt;(21 + 11) / 32][Stage 22:&gt; (1 + 21) / 32][Stage 23:&gt;  (0 + 0) / 32][Stage 21:=&gt;(31 + 1) / 32][Stage 22:&gt;(18 + 14) / 32][Stage 23:&gt; (2 + 17) / 32][Stage 21:=&gt;(31 + 1) / 32][Stage 22:&gt;(19 + 13) / 32][Stage 23:&gt; (4 + 18) / 32][Stage 21:=&gt;(31 + 1) / 32][Stage 22:&gt;(19 + 13) / 32][Stage 23:&gt; (9 + 18) / 32][Stage 21:=&gt;(31 + 1) / 32][Stage 22:=&gt;(28 + 4) / 32][Stage 23:&gt;(16 + 16) / 32][Stage 21:=&gt;(31 + 1) / 32][Stage 22:=&gt;(28 + 4) / 32][Stage 23:&gt;(17 + 15) / 32][Stage 21:=&gt;(31 + 1) / 32][Stage 22:=&gt;(28 + 4) / 32][Stage 23:=&gt;(30 + 2) / 32][Stage 22:=&gt;(28 + 4) / 32][Stage 23:=&gt;(30 + 2) / 32][Stage 24:&gt;(11 + 21) / 32]                                                                                <br/></div></td></tr></tbody>
      <tbody class="passed results-table-row">
        <tr>
          <td class="col-result">Passed</td>
          <td class="col-name">tests/integration/registration/test_universal_types.py::test_feature_get_historical_features_types_match[TypeTestConfig(feature_dtype=&apos;float&apos;, feature_is_list=True, has_empty_list=False)-LOCAL:Spark:RedisOnlineStoreCreator:python_fs:False:go_fs:False]</td>
          <td class="col-duration">23.26</td>
          <td class="col-links"></td></tr>
        <tr>
          <td class="extra" colspan="4">
            <div class="log">[gw2] linux -- Python 3.10.6 /usr/local/bin/python<br/>[gw2] linux -- Python 3.10.6 /usr/local/bin/python[gw2] linux -- Python 3.10.6 /usr/local/bin/python[gw2] linux -- Python 3.10.6 /usr/local/bin/python<br/> -----------------------------Captured stdout setup------------------------------ <br/>22/08/11 11:17:34 WARN Utils: Service &#x27;SparkUI&#x27; could not bind on port 4040. Attempting port 4041.
22/08/11 11:17:34 WARN Utils: Service &#x27;SparkUI&#x27; could not bind on port 4041. Attempting port 4042.
22/08/11 11:17:34 WARN Utils: Service &#x27;SparkUI&#x27; could not bind on port 4042. Attempting port 4043.
22/08/11 11:17:34 WARN Utils: Service &#x27;SparkUI&#x27; could not bind on port 4043. Attempting port 4044.
<br/> ------------------------------Captured stdout call------------------------------ <br/>Using ts as the event timestamp. To specify a column explicitly, please name it event_timestamp.
   driver_id                      ts       value
0          1 2022-08-11 07:17:34.628  [1.0, 1.0]
1          3 2022-08-11 09:17:34.628  [4.0, 4.0]
Asserting historical feature list types
Asserting historical feature arrow types
pyarrow.Table
driver_id: int64
ts: timestamp[ns]
value: list&lt;item: double&gt;
  child 0, item: double
----
driver_id: [[1,3]]
ts: [[2022-08-11 07:17:34.628000000,2022-08-11 09:17:34.628000000]]
value: [[[1,1],[4,4]]]
<br/> ------------------------------Captured stderr call------------------------------ <br/>[Stage 0:&gt;                                                         (0 + 0) / 32][Stage 0:&gt;   (0 + 0) / 32][Stage 1:&gt;   (0 + 0) / 32][Stage 2:&gt;   (0 + 0) / 32][Stage 0:&gt;  (0 + 32) / 32][Stage 1:&gt;   (0 + 0) / 32][Stage 2:&gt;   (0 + 0) / 32][Stage 0:&gt;  (0 + 32) / 32][Stage 1:&gt;   (0 + 2) / 32][Stage 2:&gt;   (0 + 0) / 32][Stage 0:&gt;  (1 + 31) / 32][Stage 1:&gt;   (0 + 3) / 32][Stage 2:&gt;   (0 + 0) / 32][Stage 0:&gt;  (2 + 30) / 32][Stage 1:&gt;   (0 + 5) / 32][Stage 2:&gt;   (0 + 0) / 32][Stage 0:&gt;  (3 + 29) / 32][Stage 1:&gt;   (0 + 5) / 32][Stage 2:&gt;   (0 + 0) / 32][Stage 0:&gt;  (4 + 28) / 32][Stage 1:&gt;   (0 + 5) / 32][Stage 2:&gt;   (0 + 0) / 32][Stage 0:&gt;  (5 + 27) / 32][Stage 1:&gt;   (0 + 7) / 32][Stage 2:&gt;   (0 + 0) / 32][Stage 0:&gt;  (6 + 26) / 32][Stage 1:&gt;   (0 + 7) / 32][Stage 2:&gt;   (0 + 0) / 32][Stage 0:&gt;  (8 + 24) / 32][Stage 1:&gt;   (0 + 7) / 32][Stage 2:&gt;   (0 + 0) / 32][Stage 0:&gt;  (9 + 23) / 32][Stage 1:&gt;   (0 + 9) / 32][Stage 2:&gt;   (0 + 0) / 32][Stage 0:&gt; (10 + 22) / 32][Stage 1:&gt;   (0 + 9) / 32][Stage 2:&gt;   (0 + 0) / 32][Stage 0:&gt; (13 + 19) / 32][Stage 1:&gt;  (0 + 13) / 32][Stage 2:&gt;   (0 + 0) / 32][Stage 3:&gt;                (0 + 32) / 32][Stage 4:&gt;                 (0 + 0) / 32]                                                                                [Stage 20:&gt;                                                        (0 + 0) / 32][Stage 20:&gt;                (0 + 0) / 32][Stage 21:&gt;                (0 + 0) / 32][Stage 20:&gt;               (0 + 32) / 32][Stage 21:&gt;                (0 + 0) / 32][Stage 20:&gt; (0 + 32) / 32][Stage 21:&gt;  (0 + 0) / 32][Stage 22:&gt;  (0 + 0) / 32][Stage 21:&gt;(18 + 14) / 32][Stage 22:&gt; (0 + 18) / 32][Stage 23:&gt;  (0 + 0) / 32][Stage 21:=&gt;(30 + 2) / 32][Stage 22:&gt;(11 + 21) / 32][Stage 23:&gt;  (0 + 9) / 32][Stage 21:=&gt;(30 + 2) / 32][Stage 22:&gt;(16 + 16) / 32][Stage 23:&gt; (0 + 14) / 32][Stage 21:=&gt;(30 + 2) / 32][Stage 22:&gt;(21 + 11) / 32][Stage 23:&gt; (0 + 19) / 32][Stage 21:=&gt;(31 + 1) / 32][Stage 22:=&gt;(27 + 5) / 32][Stage 23:&gt; (4 + 26) / 32][Stage 21:=&gt;(31 + 1) / 32][Stage 22:=&gt;(28 + 4) / 32][Stage 23:&gt; (9 + 23) / 32][Stage 23:==============&gt; (29 + 3) / 32][Stage 24:=&gt;              (2 + 29) / 32][Stage 23:===============&gt;(31 + 1) / 32][Stage 24:====&gt;           (9 + 23) / 32][Stage 24:==========================================&gt;             (24 + 8) / 32]                                                                                <br/></div></td></tr></tbody>
      <tbody class="passed results-table-row">
        <tr>
          <td class="col-result">Passed</td>
          <td class="col-name">tests/integration/registration/test_universal_types.py::test_feature_get_historical_features_types_match[TypeTestConfig(feature_dtype=&apos;bool&apos;, feature_is_list=True, has_empty_list=False)-LOCAL:Spark:RedisOnlineStoreCreator:python_fs:False:go_fs:False]</td>
          <td class="col-duration">12.63</td>
          <td class="col-links"></td></tr>
        <tr>
          <td class="extra" colspan="4">
            <div class="log">[gw5] linux -- Python 3.10.6 /usr/local/bin/python<br/>[gw5] linux -- Python 3.10.6 /usr/local/bin/python[gw5] linux -- Python 3.10.6 /usr/local/bin/python[gw5] linux -- Python 3.10.6 /usr/local/bin/python<br/> ------------------------------Captured stdout call------------------------------ <br/>Using ts as the event timestamp. To specify a column explicitly, please name it event_timestamp.
   driver_id                      ts         value
0          1 2022-08-11 07:17:56.220  [True, True]
1          3 2022-08-11 09:17:56.220  [True, True]
Asserting historical feature list types
Asserting historical feature arrow types
pyarrow.Table
driver_id: int64
ts: timestamp[ns]
value: list&lt;item: bool&gt;
  child 0, item: bool
----
driver_id: [[1,3]]
ts: [[2022-08-11 07:17:56.220000000,2022-08-11 09:17:56.220000000]]
value: [[[true,true],[true,true]]]
<br/> ------------------------------Captured stderr call------------------------------ <br/>[Stage 0:&gt;                                                        (0 + 32) / 32][Stage 0:&gt;  (0 + 32) / 32][Stage 1:&gt;   (0 + 0) / 32][Stage 2:&gt;   (0 + 0) / 32][Stage 0:==&gt;(27 + 5) / 32][Stage 1:&gt;  (0 + 27) / 32][Stage 2:&gt;   (0 + 0) / 32][Stage 1:&gt;  (0 + 32) / 32][Stage 2:&gt;   (0 + 0) / 32][Stage 3:&gt;   (0 + 0) / 32][Stage 1:=&gt;(20 + 12) / 32][Stage 2:&gt;  (0 + 20) / 32][Stage 3:&gt;   (0 + 0) / 32][Stage 1:==&gt;(31 + 1) / 32][Stage 2:&gt;  (1 + 31) / 32][Stage 3:&gt;   (0 + 0) / 32][Stage 2:&gt;  (4 + 28) / 32][Stage 3:&gt;   (0 + 4) / 32][Stage 4:&gt;   (0 + 0) / 32][Stage 2:&gt;  (7 + 25) / 32][Stage 3:&gt;   (0 + 7) / 32][Stage 4:&gt;   (0 + 0) / 32][Stage 2:&gt; (10 + 22) / 32][Stage 3:&gt;  (0 + 10) / 32][Stage 4:&gt;   (0 + 0) / 32][Stage 2:==&gt;(29 + 3) / 32][Stage 3:&gt;  (7 + 25) / 32][Stage 4:&gt;   (0 + 4) / 32][Stage 2:==&gt;(29 + 3) / 32][Stage 3:&gt;  (9 + 23) / 32][Stage 4:&gt;   (0 + 6) / 32][Stage 2:==&gt;(29 + 3) / 32][Stage 3:&gt; (13 + 19) / 32][Stage 4:&gt;  (0 + 10) / 32][Stage 2:==&gt;(29 + 3) / 32][Stage 3:=&gt;(17 + 15) / 32][Stage 4:&gt;  (0 + 14) / 32][Stage 2:==&gt;(29 + 3) / 32][Stage 3:=&gt;(21 + 11) / 32][Stage 4:&gt;  (0 + 18) / 32][Stage 2:==&gt;(31 + 1) / 32][Stage 3:==&gt;(24 + 8) / 32][Stage 4:&gt;  (0 + 23) / 32][Stage 2:==&gt;(31 + 1) / 32][Stage 3:==&gt;(30 + 2) / 32][Stage 4:&gt;  (0 + 29) / 32][Stage 3:================&gt;(31 + 1) / 32][Stage 4:========&gt;       (16 + 16) / 32][Stage 4:======================================&gt;                 (22 + 10) / 32]                                                                                [Stage 20:&gt;               (0 + 32) / 32][Stage 21:&gt;                (0 + 0) / 32][Stage 20:&gt;(22 + 10) / 32][Stage 21:&gt; (3 + 22) / 32][Stage 22:&gt;  (0 + 0) / 32][Stage 20:=&gt;(27 + 5) / 32][Stage 21:&gt; (4 + 27) / 32][Stage 22:&gt;  (0 + 0) / 32][Stage 20:=&gt;(29 + 3) / 32][Stage 21:&gt; (9 + 23) / 32][Stage 22:&gt;  (0 + 7) / 32][Stage 20:=&gt;(30 + 2) / 32][Stage 21:&gt;(15 + 17) / 32][Stage 22:&gt; (0 + 13) / 32][Stage 20:=&gt;(31 + 1) / 32][Stage 21:=&gt;(31 + 1) / 32][Stage 22:&gt; (0 + 30) / 32][Stage 21:=&gt;(31 + 1) / 32][Stage 22:&gt; (4 + 28) / 32][Stage 23:&gt;  (0 + 3) / 32][Stage 21:=&gt;(31 + 1) / 32][Stage 22:&gt; (5 + 27) / 32][Stage 23:&gt;  (0 + 4) / 32][Stage 21:=&gt;(31 + 1) / 32][Stage 22:&gt; (5 + 27) / 32][Stage 23:&gt;  (0 + 8) / 32][Stage 22:=&gt;(31 + 1) / 32][Stage 23:&gt; (0 + 31) / 32][Stage 24:&gt;  (0 + 0) / 32][Stage 23:=====&gt;         (12 + 20) / 32][Stage 24:&gt;               (1 + 12) / 32][Stage 23:========&gt;      (18 + 14) / 32][Stage 24:&gt;               (1 + 18) / 32][Stage 23:=============&gt;  (27 + 5) / 32][Stage 24:=&gt;              (2 + 27) / 32][Stage 23:==============&gt; (28 + 4) / 32][Stage 24:==&gt;             (4 + 28) / 32][Stage 23:===============&gt;(31 + 1) / 32][Stage 24:====&gt;          (10 + 22) / 32][Stage 23:===============&gt;(31 + 1) / 32][Stage 24:=======&gt;       (16 + 16) / 32][Stage 24:==================================&gt;                    (20 + 12) / 32]                                                                                <br/></div></td></tr></tbody>
      <tbody class="passed results-table-row">
        <tr>
          <td class="col-result">Passed</td>
          <td class="col-name">tests/integration/registration/test_universal_types.py::test_feature_get_historical_features_types_match[TypeTestConfig(feature_dtype=&apos;float&apos;, feature_is_list=False, has_empty_list=False)-LOCAL:Spark:RedisOnlineStoreCreator:python_fs:False:go_fs:False]</td>
          <td class="col-duration">12.90</td>
          <td class="col-links"></td></tr>
        <tr>
          <td class="extra" colspan="4">
            <div class="log">[gw3] linux -- Python 3.10.6 /usr/local/bin/python<br/>[gw3] linux -- Python 3.10.6 /usr/local/bin/python[gw3] linux -- Python 3.10.6 /usr/local/bin/python[gw3] linux -- Python 3.10.6 /usr/local/bin/python<br/> -----------------------------Captured stdout setup------------------------------ <br/>22/08/11 11:17:56 WARN Utils: Service &#x27;SparkUI&#x27; could not bind on port 4040. Attempting port 4041.
<br/> ------------------------------Captured stdout call------------------------------ <br/>Using ts as the event timestamp. To specify a column explicitly, please name it event_timestamp.
   driver_id                      ts  value
0          1 2022-08-11 07:17:56.409    1.0
1          3 2022-08-11 09:17:56.409    4.0
Asserting historical feature types
Asserting historical feature arrow types
pyarrow.Table
driver_id: int64
ts: timestamp[ns]
value: double
----
driver_id: [[1,3]]
ts: [[2022-08-11 07:17:56.409000000,2022-08-11 09:17:56.409000000]]
value: [[1,4]]
<br/> ------------------------------Captured stderr call------------------------------ <br/>[Stage 0:&gt;  (0 + 32) / 32][Stage 1:&gt;   (0 + 0) / 32][Stage 2:&gt;   (0 + 0) / 32][Stage 0:&gt;  (1 + 31) / 32][Stage 1:&gt;   (0 + 2) / 32][Stage 2:&gt;   (0 + 0) / 32][Stage 0:==&gt;(31 + 1) / 32][Stage 1:&gt;  (1 + 31) / 32][Stage 2:&gt;   (0 + 0) / 32][Stage 0:==&gt;(31 + 1) / 32][Stage 1:&gt;  (3 + 29) / 32][Stage 2:&gt;   (0 + 2) / 32][Stage 0:==&gt;(31 + 1) / 32][Stage 1:&gt;  (7 + 25) / 32][Stage 2:&gt;   (0 + 6) / 32][Stage 1:&gt; (12 + 20) / 32][Stage 2:&gt;  (0 + 12) / 32][Stage 3:&gt;   (0 + 0) / 32][Stage 1:==&gt;(23 + 9) / 32][Stage 2:&gt;  (1 + 23) / 32][Stage 3:&gt;   (0 + 0) / 32][Stage 1:==&gt;(28 + 4) / 32][Stage 2:&gt;  (2 + 28) / 32][Stage 3:&gt;   (0 + 0) / 32][Stage 1:==&gt;(30 + 2) / 32][Stage 2:&gt;  (6 + 26) / 32][Stage 3:&gt;   (0 + 4) / 32][Stage 1:==&gt;(30 + 2) / 32][Stage 2:&gt;  (8 + 24) / 32][Stage 3:&gt;   (0 + 6) / 32][Stage 1:==&gt;(30 + 2) / 32][Stage 2:&gt; (12 + 20) / 32][Stage 3:&gt;  (0 + 10) / 32][Stage 3:===&gt;             (6 + 26) / 32][Stage 4:&gt;                 (0 + 6) / 32][Stage 3:====&gt;            (9 + 23) / 32][Stage 4:&gt;                 (0 + 9) / 32][Stage 3:=====&gt;          (11 + 21) / 32][Stage 4:&gt;                (0 + 11) / 32][Stage 3:========&gt;       (17 + 15) / 32][Stage 4:&gt;                (0 + 17) / 32][Stage 3:============&gt;    (23 + 9) / 32][Stage 4:&gt;                (0 + 23) / 32][Stage 3:=============&gt;   (26 + 6) / 32][Stage 4:&gt;                (0 + 26) / 32][Stage 4:&gt;                                                        (0 + 32) / 32]                                                                                [Stage 20:&gt;               (1 + 31) / 32][Stage 21:&gt;                (0 + 1) / 32][Stage 20:&gt;(22 + 10) / 32][Stage 21:&gt; (2 + 22) / 32][Stage 22:&gt;  (0 + 0) / 32][Stage 20:=&gt;(26 + 6) / 32][Stage 21:&gt; (5 + 26) / 32][Stage 22:&gt;  (0 + 0) / 32][Stage 20:=&gt;(27 + 5) / 32][Stage 21:&gt;(10 + 22) / 32][Stage 22:&gt;  (0 + 5) / 32][Stage 20:=&gt;(31 + 1) / 32][Stage 21:&gt;(15 + 17) / 32][Stage 22:&gt; (0 + 14) / 32][Stage 20:=&gt;(31 + 1) / 32][Stage 21:&gt;(17 + 15) / 32][Stage 22:&gt; (2 + 16) / 32][Stage 21:=&gt;(23 + 9) / 32][Stage 22:&gt; (2 + 23) / 32][Stage 23:&gt;  (0 + 0) / 32][Stage 21:=&gt;(26 + 6) / 32][Stage 22:&gt; (8 + 24) / 32][Stage 23:&gt;  (0 + 2) / 32][Stage 21:=&gt;(26 + 6) / 32][Stage 22:&gt;(14 + 18) / 32][Stage 23:&gt;  (0 + 8) / 32][Stage 22:=&gt;(30 + 2) / 32][Stage 23:&gt; (1 + 30) / 32][Stage 24:&gt;  (0 + 0) / 32][Stage 22:=&gt;(31 + 1) / 32][Stage 23:&gt;(14 + 18) / 32][Stage 24:&gt; (0 + 14) / 32][Stage 23:==============&gt; (28 + 4) / 32][Stage 24:&gt;               (0 + 28) / 32][Stage 23:===============&gt;(31 + 1) / 32][Stage 24:=&gt;              (3 + 29) / 32][Stage 23:===============&gt;(31 + 1) / 32][Stage 24:============&gt;   (25 + 7) / 32]                                                                                <br/></div></td></tr></tbody>
      <tbody class="passed results-table-row">
        <tr>
          <td class="col-result">Passed</td>
          <td class="col-name">tests/integration/registration/test_universal_types.py::test_feature_get_historical_features_types_match[TypeTestConfig(feature_dtype=&apos;bool&apos;, feature_is_list=False, has_empty_list=False)-LOCAL:Spark:RedisOnlineStoreCreator:python_fs:False:go_fs:False]</td>
          <td class="col-duration">13.05</td>
          <td class="col-links"></td></tr>
        <tr>
          <td class="extra" colspan="4">
            <div class="log">[gw6] linux -- Python 3.10.6 /usr/local/bin/python<br/>[gw6] linux -- Python 3.10.6 /usr/local/bin/python[gw6] linux -- Python 3.10.6 /usr/local/bin/python[gw6] linux -- Python 3.10.6 /usr/local/bin/python<br/> -----------------------------Captured stdout setup------------------------------ <br/>22/08/11 11:17:56 WARN Utils: Service &#x27;SparkUI&#x27; could not bind on port 4040. Attempting port 4041.
22/08/11 11:17:56 WARN Utils: Service &#x27;SparkUI&#x27; could not bind on port 4041. Attempting port 4042.
22/08/11 11:17:56 WARN Utils: Service &#x27;SparkUI&#x27; could not bind on port 4042. Attempting port 4043.
<br/> ------------------------------Captured stdout call------------------------------ <br/>Using ts as the event timestamp. To specify a column explicitly, please name it event_timestamp.
   driver_id                      ts  value
0          1 2022-08-11 07:17:56.563   True
1          3 2022-08-11 09:17:56.563   True
Asserting historical feature types
Asserting historical feature arrow types
pyarrow.Table
driver_id: int64
ts: timestamp[ns]
value: bool
----
driver_id: [[1,3]]
ts: [[2022-08-11 07:17:56.563000000,2022-08-11 09:17:56.563000000]]
value: [[true,true]]
<br/> ------------------------------Captured stderr call------------------------------ <br/>[Stage 0:&gt;                                                        (0 + 32) / 32][Stage 0:&gt;  (0 + 32) / 32][Stage 1:&gt;   (0 + 0) / 32][Stage 2:&gt;   (0 + 0) / 32][Stage 0:&gt;  (0 + 32) / 32][Stage 1:&gt;   (0 + 1) / 32][Stage 2:&gt;   (0 + 0) / 32][Stage 0:&gt;  (1 + 31) / 32][Stage 1:&gt;   (0 + 3) / 32][Stage 2:&gt;   (0 + 0) / 32][Stage 0:==&gt;(30 + 2) / 32][Stage 1:&gt;  (2 + 30) / 32][Stage 2:&gt;   (0 + 0) / 32][Stage 0:==&gt;(30 + 2) / 32][Stage 1:&gt;  (7 + 25) / 32][Stage 2:&gt;   (0 + 5) / 32][Stage 0:==&gt;(31 + 1) / 32][Stage 1:&gt; (10 + 22) / 32][Stage 2:&gt;   (0 + 9) / 32][Stage 0:==&gt;(31 + 1) / 32][Stage 1:&gt; (15 + 17) / 32][Stage 2:&gt;  (0 + 20) / 32][Stage 2:&gt;  (6 + 26) / 32][Stage 3:&gt;   (0 + 6) / 32][Stage 4:&gt;   (0 + 0) / 32][Stage 2:&gt;  (9 + 23) / 32][Stage 3:&gt;   (0 + 9) / 32][Stage 4:&gt;   (0 + 0) / 32][Stage 2:&gt; (12 + 20) / 32][Stage 3:&gt;  (0 + 12) / 32][Stage 4:&gt;   (0 + 0) / 32][Stage 2:=&gt;(19 + 13) / 32][Stage 3:&gt;  (0 + 19) / 32][Stage 4:&gt;   (0 + 0) / 32][Stage 2:=&gt;(21 + 11) / 32][Stage 3:&gt;  (7 + 22) / 32][Stage 4:&gt;   (0 + 0) / 32][Stage 2:==&gt;(25 + 7) / 32][Stage 3:&gt;  (9 + 23) / 32][Stage 4:&gt;   (0 + 2) / 32][Stage 2:==&gt;(31 + 1) / 32][Stage 3:&gt; (14 + 18) / 32][Stage 4:&gt;  (0 + 13) / 32][Stage 2:==&gt;(31 + 1) / 32][Stage 3:=&gt;(19 + 13) / 32][Stage 4:&gt;  (0 + 18) / 32][Stage 2:==&gt;(31 + 1) / 32][Stage 3:==&gt;(28 + 4) / 32][Stage 4:&gt;  (0 + 27) / 32][Stage 2:==&gt;(31 + 1) / 32][Stage 3:==&gt;(31 + 1) / 32][Stage 4:&gt; (13 + 19) / 32][Stage 4:=============================&gt;                          (17 + 15) / 32][Stage 4:================================================&gt;        (27 + 5) / 32]                                                                                [Stage 20:&gt;               (0 + 32) / 32][Stage 21:&gt;                (0 + 0) / 32][Stage 20:========&gt;      (18 + 14) / 32][Stage 21:&gt;               (0 + 18) / 32][Stage 20:==============&gt; (29 + 3) / 32][Stage 21:&gt;               (1 + 29) / 32][Stage 20:=&gt;(29 + 3) / 32][Stage 21:&gt; (4 + 28) / 32][Stage 22:&gt;  (0 + 2) / 32][Stage 21:&gt; (6 + 26) / 32][Stage 22:&gt;  (0 + 6) / 32][Stage 23:&gt;  (0 + 0) / 32][Stage 21:&gt;(13 + 19) / 32][Stage 22:&gt; (0 + 13) / 32][Stage 23:&gt;  (0 + 0) / 32][Stage 21:&gt;(17 + 15) / 32][Stage 22:&gt; (0 + 17) / 32][Stage 23:&gt;  (0 + 0) / 32][Stage 21:=&gt;(31 + 1) / 32][Stage 22:&gt; (2 + 30) / 32][Stage 23:&gt;  (0 + 1) / 32][Stage 21:=&gt;(31 + 1) / 32][Stage 22:&gt; (6 + 26) / 32][Stage 23:&gt;  (0 + 5) / 32][Stage 21:=&gt;(31 + 1) / 32][Stage 22:&gt;(10 + 22) / 32][Stage 23:&gt;  (0 + 9) / 32][Stage 22:&gt;(11 + 21) / 32][Stage 23:&gt; (0 + 11) / 32][Stage 24:&gt;  (0 + 0) / 32][Stage 22:=&gt;(23 + 9) / 32][Stage 23:&gt; (1 + 23) / 32][Stage 24:&gt;  (0 + 0) / 32][Stage 22:=&gt;(26 + 6) / 32][Stage 23:&gt; (3 + 26) / 32][Stage 24:&gt;  (0 + 0) / 32][Stage 23:==============&gt; (29 + 3) / 32][Stage 24:=&gt;              (2 + 29) / 32][Stage 23:==============&gt; (29 + 3) / 32][Stage 24:====&gt;           (8 + 24) / 32][Stage 23:===============&gt;(31 + 1) / 32][Stage 24:========&gt;      (18 + 14) / 32]                                                                                <br/></div></td></tr></tbody>
      <tbody class="passed results-table-row">
        <tr>
          <td class="col-result">Passed</td>
          <td class="col-name">tests/integration/registration/test_universal_types.py::test_feature_get_historical_features_types_match[TypeTestConfig(feature_dtype=&apos;datetime&apos;, feature_is_list=True, has_empty_list=False)-LOCAL:Spark:RedisOnlineStoreCreator:python_fs:False:go_fs:False]</td>
          <td class="col-duration">12.51</td>
          <td class="col-links"></td></tr>
        <tr>
          <td class="extra" colspan="4">
            <div class="log">[gw0] linux -- Python 3.10.6 /usr/local/bin/python<br/>[gw0] linux -- Python 3.10.6 /usr/local/bin/python[gw0] linux -- Python 3.10.6 /usr/local/bin/python[gw0] linux -- Python 3.10.6 /usr/local/bin/python<br/> -----------------------------Captured stdout setup------------------------------ <br/>22/08/11 11:17:57 WARN Utils: Service &#x27;SparkUI&#x27; could not bind on port 4040. Attempting port 4041.
22/08/11 11:17:57 WARN Utils: Service &#x27;SparkUI&#x27; could not bind on port 4041. Attempting port 4042.
22/08/11 11:17:57 WARN Utils: Service &#x27;SparkUI&#x27; could not bind on port 4042. Attempting port 4043.
22/08/11 11:17:57 WARN Utils: Service &#x27;SparkUI&#x27; could not bind on port 4043. Attempting port 4044.
22/08/11 11:17:57 WARN Utils: Service &#x27;SparkUI&#x27; could not bind on port 4044. Attempting port 4045.
<br/> ------------------------------Captured stdout call------------------------------ <br/>Using ts as the event timestamp. To specify a column explicitly, please name it event_timestamp.
   driver_id  ...                                       value
0          1  ...  [1980-01-01 00:00:00, 1980-01-01 00:00:00]
1          3  ...  [1982-01-01 00:00:00, 1982-01-01 00:00:00]

[2 rows x 3 columns]
Asserting historical feature list types
Asserting historical feature arrow types
pyarrow.Table
driver_id: int64
ts: timestamp[ns]
value: list&lt;item: timestamp[us]&gt;
  child 0, item: timestamp[us]
----
driver_id: [[1,3]]
ts: [[2022-08-11 07:17:57.663000000,2022-08-11 09:17:57.663000000]]
value: [[[1980-01-01 00:00:00.000000,1980-01-01 00:00:00.000000],[1982-01-01 00:00:00.000000,1982-01-01 00:00:00.000000]]]
<br/> ------------------------------Captured stderr call------------------------------ <br/>[Stage 0:&gt;  (0 + 32) / 32][Stage 1:&gt;   (0 + 0) / 32][Stage 2:&gt;   (0 + 0) / 32][Stage 1:&gt;  (0 + 32) / 32][Stage 2:&gt;   (0 + 0) / 32][Stage 3:&gt;   (0 + 0) / 32][Stage 1:&gt;  (5 + 27) / 32][Stage 2:&gt;   (0 + 5) / 32][Stage 3:&gt;   (0 + 0) / 32][Stage 1:&gt; (10 + 22) / 32][Stage 2:&gt;  (0 + 10) / 32][Stage 3:&gt;   (0 + 0) / 32][Stage 1:&gt; (14 + 18) / 32][Stage 2:&gt;  (0 + 14) / 32][Stage 3:&gt;   (0 + 0) / 32][Stage 1:=&gt;(22 + 10) / 32][Stage 2:&gt;  (3 + 22) / 32][Stage 3:&gt;   (0 + 0) / 32][Stage 1:==&gt;(26 + 6) / 32][Stage 2:&gt;  (8 + 24) / 32][Stage 3:&gt;   (0 + 2) / 32][Stage 1:==&gt;(29 + 3) / 32][Stage 2:&gt; (10 + 22) / 32][Stage 3:&gt;   (0 + 7) / 32][Stage 2:=&gt;(17 + 15) / 32][Stage 3:&gt;  (0 + 17) / 32][Stage 4:&gt;   (0 + 0) / 32][Stage 2:==&gt;(28 + 4) / 32][Stage 3:&gt;  (0 + 28) / 32][Stage 4:&gt;   (0 + 0) / 32][Stage 2:==&gt;(31 + 1) / 32][Stage 3:==&gt;(30 + 2) / 32][Stage 4:&gt;  (0 + 29) / 32][Stage 3:===============&gt; (30 + 2) / 32][Stage 4:&gt;                (0 + 30) / 32][Stage 3:================&gt;(31 + 1) / 32][Stage 4:&gt;                (0 + 31) / 32]                                                                                [Stage 20:=====&gt;         (11 + 21) / 32][Stage 21:&gt;               (0 + 11) / 32][Stage 20:=&gt;(23 + 9) / 32][Stage 21:&gt; (1 + 23) / 32][Stage 22:&gt;  (0 + 0) / 32][Stage 20:=&gt;(26 + 6) / 32][Stage 21:&gt; (5 + 26) / 32][Stage 22:&gt;  (0 + 0) / 32][Stage 20:=&gt;(30 + 2) / 32][Stage 21:&gt;(13 + 19) / 32][Stage 22:&gt; (0 + 11) / 32][Stage 21:&gt;(17 + 15) / 32][Stage 22:&gt; (0 + 17) / 32][Stage 23:&gt;  (0 + 0) / 32][Stage 21:&gt;(21 + 11) / 32][Stage 22:&gt; (2 + 21) / 32][Stage 23:&gt;  (0 + 0) / 32][Stage 21:=&gt;(23 + 9) / 32][Stage 22:&gt; (2 + 23) / 32][Stage 23:&gt;  (0 + 0) / 32][Stage 21:=&gt;(28 + 4) / 32][Stage 22:&gt; (6 + 26) / 32][Stage 23:&gt;  (0 + 2) / 32][Stage 21:=&gt;(29 + 3) / 32][Stage 22:&gt;(13 + 19) / 32][Stage 23:&gt; (0 + 10) / 32][Stage 22:=&gt;(23 + 9) / 32][Stage 23:&gt; (2 + 23) / 32][Stage 24:&gt;  (0 + 0) / 32][Stage 22:=&gt;(30 + 2) / 32][Stage 23:&gt;(13 + 19) / 32][Stage 24:&gt; (0 + 11) / 32][Stage 23:=============&gt;  (26 + 6) / 32][Stage 24:&gt;               (1 + 26) / 32]                                                                                <br/></div></td></tr></tbody>
      <tbody class="passed results-table-row">
        <tr>
          <td class="col-result">Passed</td>
          <td class="col-name">tests/integration/registration/test_universal_types.py::test_feature_get_historical_features_types_match[TypeTestConfig(feature_dtype=&apos;datetime&apos;, feature_is_list=False, has_empty_list=False)-LOCAL:Spark:RedisOnlineStoreCreator:python_fs:False:go_fs:False]</td>
          <td class="col-duration">12.44</td>
          <td class="col-links"></td></tr>
        <tr>
          <td class="extra" colspan="4">
            <div class="log">[gw2] linux -- Python 3.10.6 /usr/local/bin/python<br/>[gw2] linux -- Python 3.10.6 /usr/local/bin/python[gw2] linux -- Python 3.10.6 /usr/local/bin/python[gw2] linux -- Python 3.10.6 /usr/local/bin/python<br/> -----------------------------Captured stdout setup------------------------------ <br/>22/08/11 11:17:57 WARN Utils: Service &#x27;SparkUI&#x27; could not bind on port 4040. Attempting port 4041.
22/08/11 11:17:57 WARN Utils: Service &#x27;SparkUI&#x27; could not bind on port 4041. Attempting port 4042.
22/08/11 11:17:57 WARN Utils: Service &#x27;SparkUI&#x27; could not bind on port 4042. Attempting port 4043.
22/08/11 11:17:57 WARN Utils: Service &#x27;SparkUI&#x27; could not bind on port 4043. Attempting port 4044.
22/08/11 11:17:57 WARN Utils: Service &#x27;SparkUI&#x27; could not bind on port 4044. Attempting port 4045.
22/08/11 11:17:57 WARN Utils: Service &#x27;SparkUI&#x27; could not bind on port 4045. Attempting port 4046.
<br/> ------------------------------Captured stdout call------------------------------ <br/>Using ts as the event timestamp. To specify a column explicitly, please name it event_timestamp.
   driver_id                      ts      value
0          1 2022-08-11 07:17:57.754 1980-01-01
1          3 2022-08-11 09:17:57.754 1982-01-01
Asserting historical feature types
Asserting historical feature arrow types
pyarrow.Table
driver_id: int64
ts: timestamp[ns]
value: timestamp[ns]
----
driver_id: [[1,3]]
ts: [[2022-08-11 07:17:57.754000000,2022-08-11 09:17:57.754000000]]
value: [[1980-01-01 00:00:00.000000000,1982-01-01 00:00:00.000000000]]
<br/> ------------------------------Captured stderr call------------------------------ <br/>[Stage 0:&gt;                                                        (0 + 32) / 32][Stage 0:&gt;  (0 + 32) / 32][Stage 1:&gt;   (0 + 0) / 32][Stage 2:&gt;   (0 + 0) / 32][Stage 0:&gt;  (0 + 32) / 32][Stage 1:&gt;   (0 + 1) / 32][Stage 2:&gt;   (0 + 0) / 32][Stage 0:==&gt;(31 + 1) / 32][Stage 1:&gt;  (0 + 31) / 32][Stage 2:&gt;   (0 + 0) / 32][Stage 1:&gt;  (0 + 32) / 32][Stage 2:&gt;   (0 + 0) / 32][Stage 3:&gt;   (0 + 0) / 32][Stage 2:&gt;  (6 + 26) / 32][Stage 3:&gt;   (0 + 7) / 32][Stage 4:&gt;   (0 + 0) / 32][Stage 2:==&gt;(31 + 1) / 32][Stage 3:&gt;  (0 + 31) / 32][Stage 4:&gt;   (0 + 0) / 32][Stage 3:===&gt;             (7 + 25) / 32][Stage 4:&gt;                 (0 + 7) / 32][Stage 3:=====&gt;          (10 + 22) / 32][Stage 4:&gt;                (0 + 11) / 32][Stage 3:==========&gt;     (20 + 12) / 32][Stage 4:&gt;                (0 + 20) / 32][Stage 3:===========&gt;    (22 + 10) / 32][Stage 4:&gt;                (0 + 22) / 32][Stage 3:============&gt;    (24 + 8) / 32][Stage 4:&gt;                (0 + 24) / 32][Stage 3:================&gt;(31 + 1) / 32][Stage 4:&gt;                (0 + 31) / 32][Stage 4:=================================================&gt;       (28 + 4) / 32]                                                                                [Stage 21:&gt; (9 + 23) / 32][Stage 22:&gt;  (0 + 9) / 32][Stage 23:&gt;  (0 + 0) / 32][Stage 21:&gt;(21 + 11) / 32][Stage 22:&gt; (2 + 21) / 32][Stage 23:&gt;  (0 + 0) / 32][Stage 21:=&gt;(28 + 4) / 32][Stage 22:&gt; (7 + 25) / 32][Stage 23:&gt;  (0 + 3) / 32][Stage 21:=&gt;(31 + 1) / 32][Stage 22:&gt; (9 + 23) / 32][Stage 23:&gt;  (0 + 8) / 32][Stage 22:&gt;(14 + 18) / 32][Stage 23:&gt; (0 + 14) / 32][Stage 24:&gt;  (0 + 0) / 32][Stage 22:&gt;(19 + 13) / 32][Stage 23:&gt; (1 + 19) / 32][Stage 24:&gt;  (0 + 0) / 32][Stage 22:&gt;(22 + 10) / 32][Stage 23:&gt; (2 + 22) / 32][Stage 24:&gt;  (0 + 0) / 32][Stage 22:=&gt;(28 + 4) / 32][Stage 23:&gt;(11 + 21) / 32][Stage 24:&gt;  (0 + 7) / 32][Stage 22:=&gt;(28 + 4) / 32][Stage 23:&gt;(17 + 15) / 32][Stage 24:&gt; (0 + 13) / 32][Stage 23:&gt;(20 + 12) / 32][Stage 24:&gt; (0 + 20) / 32][Stage 25:&gt;  (0 + 0) / 32][Stage 24:=====&gt;         (11 + 21) / 32][Stage 25:&gt;               (0 + 11) / 32][Stage 24:========&gt;      (18 + 14) / 32][Stage 25:&gt;               (0 + 18) / 32][Stage 24:===============&gt;(31 + 1) / 32][Stage 25:======&gt;        (14 + 18) / 32]                                                                                <br/></div></td></tr></tbody></table></body></html>